<?xml version="1.0" encoding="UTF-8" ?>
<testsuite failures="1" time="0.028" errors="0" skipped="0" tests="2" name="org.olivelabs.simulation.ServerManagerTest">
  <properties>
[...]
</properties>
  <testcase time="0.023" classname="org.olivelabs.simulation.ServerManagerTest" name="testServeFree">
    <failure message="null" type="junit.framework.AssertionFailedError">junit.framework.AssertionFailedError: null
	at junit.framework.Assert.fail(Assert.java:47)
	at junit.framework.Assert.assertTrue(Assert.java:20)
	at junit.framework.Assert.assertTrue(Assert.java:27)
	at org.olivelabs.simulation.ServerManagerTest.testServeFree(ServerManagerTest.java:46)
	at sun.reflect.NativeMethodAccessorImpl.invoke0(Native Method)
	at sun.reflect.NativeMethodAccessorImpl.invoke(NativeMethodAccessorImpl.java:39)
	at sun.reflect.DelegatingMethodAccessorImpl.invoke(DelegatingMethodAccessorImpl.java:25)
	at java.lang.reflect.Method.invoke(Method.java:597)
	at org.junit.internal.runners.TestMethod.invoke(TestMethod.java:59)
	at org.junit.internal.runners.MethodRoadie.runTestMethod(MethodRoadie.java:98)
	at org.junit.internal.runners.MethodRoadie$2.run(MethodRoadie.java:79)
	at org.junit.internal.runners.MethodRoadie.runBeforesThenTestThenAfters(MethodRoadie.java:87)
	at org.junit.internal.runners.MethodRoadie.runTest(MethodRoadie.java:77)
	at org.junit.internal.runners.MethodRoadie.run(MethodRoadie.java:42)
	at org.junit.internal.runners.JUnit4ClassRunner.invokeTestMethod(JUnit4ClassRunner.java:88)
	at org.junit.internal.runners.JUnit4ClassRunner.runMethods(JUnit4ClassRunner.java:51)
	at org.junit.internal.runners.JUnit4ClassRunner$1.run(JUnit4ClassRunner.java:44)
	at org.junit.internal.runners.ClassRoadie.runUnprotected(ClassRoadie.java:27)
	at org.junit.internal.runners.ClassRoadie.runProtected(ClassRoadie.java:37)
	at org.junit.internal.runners.JUnit4ClassRunner.run(JUnit4ClassRunner.java:42)
	at org.apache.maven.surefire.junit4.JUnit4TestSet.execute(JUnit4TestSet.java:35)
	at org.apache.maven.surefire.junit4.JUnit4Provider.executeTestSet(JUnit4Provider.java:115)
	at org.apache.maven.surefire.junit4.JUnit4Provider.invoke(JUnit4Provider.java:97)
	at sun.reflect.NativeMethodAccessorImpl.invoke0(Native Method)
	at sun.reflect.NativeMethodAccessorImpl.invoke(NativeMethodAccessorImpl.java:39)
	at sun.reflect.DelegatingMethodAccessorImpl.invoke(DelegatingMethodAccessorImpl.java:25)
	at java.lang.reflect.Method.invoke(Method.java:597)
	at org.apache.maven.surefire.booter.ProviderFactory$ClassLoaderProxy.invoke(ProviderFactory.java:103)
	at $Proxy0.invoke(Unknown Source)
	at org.apache.maven.surefire.booter.SurefireStarter.invokeProvider(SurefireStarter.java:150)
	at org.apache.maven.surefire.booter.SurefireStarter.runSuitesInProcess(SurefireStarter.java:91)
	at org.apache.maven.surefire.booter.ForkedBooter.main(ForkedBooter.java:69)
</failure>
    <system-out>@SLTests run: 1, Failures: 0, Errors: 0, Skipped: 0, Time elapsed: 0.002 sec
@SLRunning org.olivelabs.simulation.ServerManagerTest
Request# 0, RequestDispatched: 100, RequestRejected: 0, Servers In Use: 21, Servers NotIn Use: 0, WaitQueue size: 1
Request# 1, RequestDispatched: 100, RequestRejected: 0, Servers In Use: 21, Servers NotIn Use: 0, WaitQueue size: 2
Request# 2, RequestDispatched: 100, RequestRejected: 0, Servers In Use: 21, Servers NotIn Use: 0, WaitQueue size: 3
Request# 3, RequestDispatched: 100, RequestRejected: 0, Servers In Use: 21, Servers NotIn Use: 0, WaitQueue size: 4
Request# 4, RequestDispatched: 100, RequestRejected: 0, Servers In Use: 21, Servers NotIn Use: 0, WaitQueue size: 5
Request# 5, RequestDispatched: 100, RequestRejected: 0, Servers In Use: 21, Servers NotIn Use: 0, WaitQueue size: 6
Request# 6, RequestDispatched: 100, RequestRejected: 0, Servers In Use: 21, Servers NotIn Use: 0, WaitQueue size: 7
Request# 7, RequestDispatched: 100, RequestRejected: 0, Servers In Use: 21, Servers NotIn Use: 0, WaitQueue size: 8
Request# 8, RequestDispatched: 100, RequestRejected: 0, Servers In Use: 21, Servers NotIn Use: 0, WaitQueue size: 9
Request# 9, RequestDispatched: 100, RequestRejected: 0, Servers In Use: 21, Servers NotIn Use: 0, WaitQueue size: 10
Request# 10, RequestDispatched: 100, RequestRejected: 0, Servers In Use: 21, Servers NotIn Use: 0, WaitQueue size: 11
Request# 11, RequestDispatched: 100, RequestRejected: 0, Servers In Use: 21, Servers NotIn Use: 0, WaitQueue size: 12
Request# 12, RequestDispatched: 100, RequestRejected: 0, Servers In Use: 21, Servers NotIn Use: 0, WaitQueue size: 13
Request# 13, RequestDispatched: 100, RequestRejected: 0, Servers In Use: 21, Servers NotIn Use: 0, WaitQueue size: 14
Request# 14, RequestDispatched: 100, RequestRejected: 0, Servers In Use: 21, Servers NotIn Use: 0, WaitQueue size: 15
Request# 15, RequestDispatched: 100, RequestRejected: 0, Servers In Use: 21, Servers NotIn Use: 0, WaitQueue size: 16
Request# 16, RequestDispatched: 100, RequestRejected: 0, Servers In Use: 21, Servers NotIn Use: 0, WaitQueue size: 17
Request# 17, RequestDispatched: 100, RequestRejected: 0, Servers In Use: 21, Servers NotIn Use: 0, WaitQueue size: 18
Request# 18, RequestDispatched: 100, RequestRejected: 0, Servers In Use: 21, Servers NotIn Use: 0, WaitQueue size: 19
Request# 19, RequestDispatched: 100, RequestRejected: 0, Servers In Use: 21, Servers NotIn Use: 0, WaitQueue size: 20
Request# 20, RequestDispatched: 100, RequestRejected: 0, Servers In Use: 21, Servers NotIn Use: 0, WaitQueue size: 21
Request# 21, RequestDispatched: 100, RequestRejected: 0, Servers In Use: 21, Servers NotIn Use: 0, WaitQueue size: 22
Request# 22, RequestDispatched: 100, RequestRejected: 0, Servers In Use: 21, Servers NotIn Use: 0, WaitQueue size: 23
Request# 23, RequestDispatched: 100, RequestRejected: 0, Servers In Use: 21, Servers NotIn Use: 0, WaitQueue size: 24
Request# 24, RequestDispatched: 100, RequestRejected: 0, Servers In Use: 21, Servers NotIn Use: 0, WaitQueue size: 25
Request# 25, RequestDispatched: 100, RequestRejected: 0, Servers In Use: 21, Servers NotIn Use: 0, WaitQueue size: 26
Request# 26, RequestDispatched: 100, RequestRejected: 0, Servers In Use: 21, Servers NotIn Use: 0, WaitQueue size: 27
Request# 27, RequestDispatched: 100, RequestRejected: 0, Servers In Use: 21, Servers NotIn Use: 0, WaitQueue size: 28
Request# 28, RequestDispatched: 100, RequestRejected: 0, Servers In Use: 21, Servers NotIn Use: 0, WaitQueue size: 29
Request# 29, RequestDispatched: 100, RequestRejected: 0, Servers In Use: 21, Servers NotIn Use: 0, WaitQueue size: 30
Request# 30, RequestDispatched: 100, RequestRejected: 0, Servers In Use: 21, Servers NotIn Use: 0, WaitQueue size: 31
Request# 31, RequestDispatched: 100, RequestRejected: 0, Servers In Use: 21, Servers NotIn Use: 0, WaitQueue size: 32
Request# 32, RequestDispatched: 100, RequestRejected: 0, Servers In Use: 21, Servers NotIn Use: 0, WaitQueue size: 33
Request# 33, RequestDispatched: 100, RequestRejected: 0, Servers In Use: 21, Servers NotIn Use: 0, WaitQueue size: 34
Request# 34, RequestDispatched: 100, RequestRejected: 0, Servers In Use: 21, Servers NotIn Use: 0, WaitQueue size: 35
Request# 35, RequestDispatched: 100, RequestRejected: 0, Servers In Use: 21, Servers NotIn Use: 0, WaitQueue size: 36
Request# 36, RequestDispatched: 100, RequestRejected: 0, Servers In Use: 21, Servers NotIn Use: 0, WaitQueue size: 37
Request# 37, RequestDispatched: 100, RequestRejected: 0, Servers In Use: 21, Servers NotIn Use: 0, WaitQueue size: 38
Request# 38, RequestDispatched: 100, RequestRejected: 0, Servers In Use: 21, Servers NotIn Use: 0, WaitQueue size: 39
Request# 39, RequestDispatched: 100, RequestRejected: 0, Servers In Use: 21, Servers NotIn Use: 0, WaitQueue size: 40
Request# 40, RequestDispatched: 100, RequestRejected: 0, Servers In Use: 21, Servers NotIn Use: 0, WaitQueue size: 41
Request# 41, RequestDispatched: 100, RequestRejected: 0, Servers In Use: 21, Servers NotIn Use: 0, WaitQueue size: 42
Request# 42, RequestDispatched: 100, RequestRejected: 0, Servers In Use: 21, Servers NotIn Use: 0, WaitQueue size: 43
Request# 43, RequestDispatched: 100, RequestRejected: 0, Servers In Use: 21, Servers NotIn Use: 0, WaitQueue size: 44
Request# 44, RequestDispatched: 100, RequestRejected: 0, Servers In Use: 21, Servers NotIn Use: 0, WaitQueue size: 45
Request# 45, RequestDispatched: 100, RequestRejected: 0, Servers In Use: 21, Servers NotIn Use: 0, WaitQueue size: 46
Request# 46, RequestDispatched: 100, RequestRejected: 0, Servers In Use: 21, Servers NotIn Use: 0, WaitQueue size: 47
Request# 47, RequestDispatched: 100, RequestRejected: 0, Servers In Use: 21, Servers NotIn Use: 0, WaitQueue size: 48
Request# 48, RequestDispatched: 100, RequestRejected: 0, Servers In Use: 21, Servers NotIn Use: 0, WaitQueue size: 49
Request# 49, RequestDispatched: 100, RequestRejected: 0, Servers In Use: 21, Servers NotIn Use: 0, WaitQueue size: 50
Request# 50, RequestDispatched: 100, RequestRejected: 0, Servers In Use: 21, Servers NotIn Use: 0, WaitQueue size: 51
Request# 51, RequestDispatched: 100, RequestRejected: 0, Servers In Use: 21, Servers NotIn Use: 0, WaitQueue size: 52
Request# 52, RequestDispatched: 100, RequestRejected: 0, Servers In Use: 21, Servers NotIn Use: 0, WaitQueue size: 53
Request# 53, RequestDispatched: 100, RequestRejected: 0, Servers In Use: 21, Servers NotIn Use: 0, WaitQueue size: 54
Request# 54, RequestDispatched: 100, RequestRejected: 0, Servers In Use: 21, Servers NotIn Use: 0, WaitQueue size: 55
Request# 55, RequestDispatched: 100, RequestRejected: 0, Servers In Use: 21, Servers NotIn Use: 0, WaitQueue size: 56
Request# 56, RequestDispatched: 100, RequestRejected: 0, Servers In Use: 21, Servers NotIn Use: 0, WaitQueue size: 57
Request# 57, RequestDispatched: 100, RequestRejected: 0, Servers In Use: 21, Servers NotIn Use: 0, WaitQueue size: 58
Request# 58, RequestDispatched: 100, RequestRejected: 0, Servers In Use: 21, Servers NotIn Use: 0, WaitQueue size: 59
Request# 59, RequestDispatched: 100, RequestRejected: 0, Servers In Use: 21, Servers NotIn Use: 0, WaitQueue size: 60
Request# 60, RequestDispatched: 100, RequestRejected: 0, Servers In Use: 21, Servers NotIn Use: 0, WaitQueue size: 61
Request# 61, RequestDispatched: 100, RequestRejected: 0, Servers In Use: 21, Servers NotIn Use: 0, WaitQueue size: 62
Request# 62, RequestDispatched: 100, RequestRejected: 0, Servers In Use: 21, Servers NotIn Use: 0, WaitQueue size: 63
Request# 63, RequestDispatched: 100, RequestRejected: 0, Servers In Use: 21, Servers NotIn Use: 0, WaitQueue size: 64
Request# 64, RequestDispatched: 100, RequestRejected: 0, Servers In Use: 21, Servers NotIn Use: 0, WaitQueue size: 65
Request# 65, RequestDispatched: 100, RequestRejected: 0, Servers In Use: 21, Servers NotIn Use: 0, WaitQueue size: 66
Request# 66, RequestDispatched: 100, RequestRejected: 0, Servers In Use: 21, Servers NotIn Use: 0, WaitQueue size: 67
Request# 67, RequestDispatched: 100, RequestRejected: 0, Servers In Use: 21, Servers NotIn Use: 0, WaitQueue size: 68
Request# 68, RequestDispatched: 100, RequestRejected: 0, Servers In Use: 21, Servers NotIn Use: 0, WaitQueue size: 69
Request# 69, RequestDispatched: 100, RequestRejected: 0, Servers In Use: 21, Servers NotIn Use: 0, WaitQueue size: 70
Request# 70, RequestDispatched: 100, RequestRejected: 0, Servers In Use: 21, Servers NotIn Use: 0, WaitQueue size: 71
Request# 71, RequestDispatched: 100, RequestRejected: 0, Servers In Use: 21, Servers NotIn Use: 0, WaitQueue size: 72
Request# 72, RequestDispatched: 100, RequestRejected: 0, Servers In Use: 21, Servers NotIn Use: 0, WaitQueue size: 73
Request# 73, RequestDispatched: 100, RequestRejected: 0, Servers In Use: 21, Servers NotIn Use: 0, WaitQueue size: 74
Request# 74, RequestDispatched: 100, RequestRejected: 0, Servers In Use: 21, Servers NotIn Use: 0, WaitQueue size: 75
Request# 75, RequestDispatched: 100, RequestRejected: 0, Servers In Use: 21, Servers NotIn Use: 0, WaitQueue size: 76
Request# 76, RequestDispatched: 100, RequestRejected: 0, Servers In Use: 21, Servers NotIn Use: 0, WaitQueue size: 77
Request# 77, RequestDispatched: 100, RequestRejected: 0, Servers In Use: 21, Servers NotIn Use: 0, WaitQueue size: 78
Request# 78, RequestDispatched: 100, RequestRejected: 0, Servers In Use: 21, Servers NotIn Use: 0, WaitQueue size: 79
Request# 79, RequestDispatched: 100, RequestRejected: 0, Servers In Use: 21, Servers NotIn Use: 0, WaitQueue size: 80
Request# 80, RequestDispatched: 100, RequestRejected: 0, Servers In Use: 21, Servers NotIn Use: 0, WaitQueue size: 81
Request# 81, RequestDispatched: 100, RequestRejected: 0, Servers In Use: 21, Servers NotIn Use: 0, WaitQueue size: 82
Request# 82, RequestDispatched: 100, RequestRejected: 0, Servers In Use: 21, Servers NotIn Use: 0, WaitQueue size: 83
Request# 83, RequestDispatched: 100, RequestRejected: 0, Servers In Use: 21, Servers NotIn Use: 0, WaitQueue size: 84
Request# 84, RequestDispatched: 100, RequestRejected: 0, Servers In Use: 21, Servers NotIn Use: 0, WaitQueue size: 85
Request# 85, RequestDispatched: 100, RequestRejected: 0, Servers In Use: 21, Servers NotIn Use: 0, WaitQueue size: 86
Request# 86, RequestDispatched: 100, RequestRejected: 0, Servers In Use: 21, Servers NotIn Use: 0, WaitQueue size: 87
Request# 87, RequestDispatched: 100, RequestRejected: 0, Servers In Use: 21, Servers NotIn Use: 0, WaitQueue size: 88
Request# 88, RequestDispatched: 100, RequestRejected: 0, Servers In Use: 21, Servers NotIn Use: 0, WaitQueue size: 89
Request# 89, RequestDispatched: 100, RequestRejected: 0, Servers In Use: 21, Servers NotIn Use: 0, WaitQueue size: 90
Request# 90, RequestDispatched: 100, RequestRejected: 0, Servers In Use: 21, Servers NotIn Use: 0, WaitQueue size: 91
Request# 91, RequestDispatched: 100, RequestRejected: 0, Servers In Use: 21, Servers NotIn Use: 0, WaitQueue size: 92
Request# 92, RequestDispatched: 100, RequestRejected: 0, Servers In Use: 21, Servers NotIn Use: 0, WaitQueue size: 93
Request# 93, RequestDispatched: 100, RequestRejected: 0, Servers In Use: 21, Servers NotIn Use: 0, WaitQueue size: 94
Request# 94, RequestDispatched: 100, RequestRejected: 0, Servers In Use: 21, Servers NotIn Use: 0, WaitQueue size: 95
Request# 95, RequestDispatched: 100, RequestRejected: 0, Servers In Use: 21, Servers NotIn Use: 0, WaitQueue size: 96
Request# 96, RequestDispatched: 100, RequestRejected: 0, Servers In Use: 21, Servers NotIn Use: 0, WaitQueue size: 97
Request# 97, RequestDispatched: 100, RequestRejected: 0, Servers In Use: 21, Servers NotIn Use: 0, WaitQueue size: 98
Request# 98, RequestDispatched: 100, RequestRejected: 0, Servers In Use: 21, Servers NotIn Use: 0, WaitQueue size: 99
Request# 99, RequestDispatched: 100, RequestRejected: 0, Servers In Use: 21, Servers NotIn Use: 0, WaitQueue size: 100
Request# 100, RequestDispatched: 100, RequestRejected: 0, Servers In Use: 21, Servers NotIn Use: 0, WaitQueue size: 101
Request# 101, RequestDispatched: 100, RequestRejected: 0, Servers In Use: 21, Servers NotIn Use: 0, WaitQueue size: 102
Request# 102, RequestDispatched: 100, RequestRejected: 0, Servers In Use: 21, Servers NotIn Use: 0, WaitQueue size: 103
Request# 103, RequestDispatched: 100, RequestRejected: 0, Servers In Use: 21, Servers NotIn Use: 0, WaitQueue size: 104
Request# 104, RequestDispatched: 100, RequestRejected: 0, Servers In Use: 21, Servers NotIn Use: 0, WaitQueue size: 105
Request# 105, RequestDispatched: 100, RequestRejected: 0, Servers In Use: 21, Servers NotIn Use: 0, WaitQueue size: 106
Request# 106, RequestDispatched: 100, RequestRejected: 0, Servers In Use: 21, Servers NotIn Use: 0, WaitQueue size: 107
Request# 107, RequestDispatched: 100, RequestRejected: 0, Servers In Use: 21, Servers NotIn Use: 0, WaitQueue size: 108
Request# 108, RequestDispatched: 100, RequestRejected: 0, Servers In Use: 21, Servers NotIn Use: 0, WaitQueue size: 109
Request# 109, RequestDispatched: 100, RequestRejected: 0, Servers In Use: 21, Servers NotIn Use: 0, WaitQueue size: 110
Request# 110, RequestDispatched: 100, RequestRejected: 0, Servers In Use: 21, Servers NotIn Use: 0, WaitQueue size: 111
Request# 111, RequestDispatched: 100, RequestRejected: 0, Servers In Use: 21, Servers NotIn Use: 0, WaitQueue size: 112
Request# 112, RequestDispatched: 100, RequestRejected: 0, Servers In Use: 21, Servers NotIn Use: 0, WaitQueue size: 113
Request# 113, RequestDispatched: 100, RequestRejected: 0, Servers In Use: 21, Servers NotIn Use: 0, WaitQueue size: 114
Request# 114, RequestDispatched: 100, RequestRejected: 0, Servers In Use: 21, Servers NotIn Use: 0, WaitQueue size: 115
Request# 115, RequestDispatched: 100, RequestRejected: 0, Servers In Use: 21, Servers NotIn Use: 0, WaitQueue size: 116
Request# 116, RequestDispatched: 100, RequestRejected: 0, Servers In Use: 21, Servers NotIn Use: 0, WaitQueue size: 117
Request# 117, RequestDispatched: 100, RequestRejected: 0, Servers In Use: 21, Servers NotIn Use: 0, WaitQueue size: 118
Request# 118, RequestDispatched: 100, RequestRejected: 0, Servers In Use: 21, Servers NotIn Use: 0, WaitQueue size: 119
Request# 119, RequestDispatched: 100, RequestRejected: 0, Servers In Use: 21, Servers NotIn Use: 0, WaitQueue size: 120
Request# 120, RequestDispatched: 100, RequestRejected: 0, Servers In Use: 21, Servers NotIn Use: 0, WaitQueue size: 121
Request# 121, RequestDispatched: 100, RequestRejected: 0, Servers In Use: 21, Servers NotIn Use: 0, WaitQueue size: 122
Request# 122, RequestDispatched: 100, RequestRejected: 0, Servers In Use: 21, Servers NotIn Use: 0, WaitQueue size: 123
Request# 123, RequestDispatched: 100, RequestRejected: 0, Servers In Use: 21, Servers NotIn Use: 0, WaitQueue size: 124
Request# 124, RequestDispatched: 100, RequestRejected: 0, Servers In Use: 21, Servers NotIn Use: 0, WaitQueue size: 125
Request# 125, RequestDispatched: 100, RequestRejected: 0, Servers In Use: 21, Servers NotIn Use: 0, WaitQueue size: 126
Request# 126, RequestDispatched: 100, RequestRejected: 0, Servers In Use: 21, Servers NotIn Use: 0, WaitQueue size: 127
Request# 127, RequestDispatched: 100, RequestRejected: 0, Servers In Use: 21, Servers NotIn Use: 0, WaitQueue size: 128
Request# 128, RequestDispatched: 100, RequestRejected: 0, Servers In Use: 21, Servers NotIn Use: 0, WaitQueue size: 129
Request# 129, RequestDispatched: 100, RequestRejected: 0, Servers In Use: 21, Servers NotIn Use: 0, WaitQueue size: 130
Request# 130, RequestDispatched: 100, RequestRejected: 0, Servers In Use: 21, Servers NotIn Use: 0, WaitQueue size: 131
Request# 131, RequestDispatched: 100, RequestRejected: 0, Servers In Use: 21, Servers NotIn Use: 0, WaitQueue size: 132
Request# 132, RequestDispatched: 100, RequestRejected: 0, Servers In Use: 21, Servers NotIn Use: 0, WaitQueue size: 133
Request# 133, RequestDispatched: 100, RequestRejected: 0, Servers In Use: 21, Servers NotIn Use: 0, WaitQueue size: 134
Request# 134, RequestDispatched: 100, RequestRejected: 0, Servers In Use: 21, Servers NotIn Use: 0, WaitQueue size: 135
Request# 135, RequestDispatched: 100, RequestRejected: 0, Servers In Use: 21, Servers NotIn Use: 0, WaitQueue size: 136
Request# 136, RequestDispatched: 100, RequestRejected: 0, Servers In Use: 21, Servers NotIn Use: 0, WaitQueue size: 137
Request# 137, RequestDispatched: 100, RequestRejected: 0, Servers In Use: 21, Servers NotIn Use: 0, WaitQueue size: 138
Request# 138, RequestDispatched: 100, RequestRejected: 0, Servers In Use: 21, Servers NotIn Use: 0, WaitQueue size: 139
Request# 139, RequestDispatched: 100, RequestRejected: 0, Servers In Use: 21, Servers NotIn Use: 0, WaitQueue size: 140
Request# 140, RequestDispatched: 100, RequestRejected: 0, Servers In Use: 21, Servers NotIn Use: 0, WaitQueue size: 141
Request# 141, RequestDispatched: 100, RequestRejected: 0, Servers In Use: 21, Servers NotIn Use: 0, WaitQueue size: 142
Request# 142, RequestDispatched: 100, RequestRejected: 0, Servers In Use: 21, Servers NotIn Use: 0, WaitQueue size: 143
Request# 143, RequestDispatched: 100, RequestRejected: 0, Servers In Use: 21, Servers NotIn Use: 0, WaitQueue size: 144
Request# 144, RequestDispatched: 100, RequestRejected: 0, Servers In Use: 21, Servers NotIn Use: 0, WaitQueue size: 145
Request# 145, RequestDispatched: 100, RequestRejected: 0, Servers In Use: 21, Servers NotIn Use: 0, WaitQueue size: 146
Request# 146, RequestDispatched: 100, RequestRejected: 0, Servers In Use: 21, Servers NotIn Use: 0, WaitQueue size: 147
Request# 147, RequestDispatched: 100, RequestRejected: 0, Servers In Use: 21, Servers NotIn Use: 0, WaitQueue size: 148
Request# 148, RequestDispatched: 100, RequestRejected: 0, Servers In Use: 21, Servers NotIn Use: 0, WaitQueue size: 149
Request# 149, RequestDispatched: 100, RequestRejected: 0, Servers In Use: 21, Servers NotIn Use: 0, WaitQueue size: 150
Request# 150, RequestDispatched: 100, RequestRejected: 0, Servers In Use: 21, Servers NotIn Use: 0, WaitQueue size: 151
Request# 151, RequestDispatched: 100, RequestRejected: 0, Servers In Use: 21, Servers NotIn Use: 0, WaitQueue size: 152
Request# 152, RequestDispatched: 100, RequestRejected: 0, Servers In Use: 21, Servers NotIn Use: 0, WaitQueue size: 153
Request# 153, RequestDispatched: 100, RequestRejected: 0, Servers In Use: 21, Servers NotIn Use: 0, WaitQueue size: 154
Request# 154, RequestDispatched: 100, RequestRejected: 0, Servers In Use: 21, Servers NotIn Use: 0, WaitQueue size: 155
Request# 155, RequestDispatched: 100, RequestRejected: 0, Servers In Use: 21, Servers NotIn Use: 0, WaitQueue size: 156
Request# 156, RequestDispatched: 100, RequestRejected: 0, Servers In Use: 21, Servers NotIn Use: 0, WaitQueue size: 157
Request# 157, RequestDispatched: 100, RequestRejected: 0, Servers In Use: 21, Servers NotIn Use: 0, WaitQueue size: 158
Request# 158, RequestDispatched: 100, RequestRejected: 0, Servers In Use: 21, Servers NotIn Use: 0, WaitQueue size: 159
Request# 159, RequestDispatched: 100, RequestRejected: 0, Servers In Use: 21, Servers NotIn Use: 0, WaitQueue size: 160
Request# 160, RequestDispatched: 100, RequestRejected: 0, Servers In Use: 21, Servers NotIn Use: 0, WaitQueue size: 161
Request# 161, RequestDispatched: 100, RequestRejected: 0, Servers In Use: 21, Servers NotIn Use: 0, WaitQueue size: 162
Request# 162, RequestDispatched: 100, RequestRejected: 0, Servers In Use: 21, Servers NotIn Use: 0, WaitQueue size: 163
Request# 163, RequestDispatched: 100, RequestRejected: 0, Servers In Use: 21, Servers NotIn Use: 0, WaitQueue size: 164
Request# 164, RequestDispatched: 100, RequestRejected: 0, Servers In Use: 21, Servers NotIn Use: 0, WaitQueue size: 165
Request# 165, RequestDispatched: 100, RequestRejected: 0, Servers In Use: 21, Servers NotIn Use: 0, WaitQueue size: 166
Request# 166, RequestDispatched: 100, RequestRejected: 0, Servers In Use: 21, Servers NotIn Use: 0, WaitQueue size: 167
Request# 167, RequestDispatched: 100, RequestRejected: 0, Servers In Use: 21, Servers NotIn Use: 0, WaitQueue size: 168
Request# 168, RequestDispatched: 100, RequestRejected: 0, Servers In Use: 21, Servers NotIn Use: 0, WaitQueue size: 169
Request# 169, RequestDispatched: 100, RequestRejected: 0, Servers In Use: 21, Servers NotIn Use: 0, WaitQueue size: 170
Request# 170, RequestDispatched: 100, RequestRejected: 0, Servers In Use: 21, Servers NotIn Use: 0, WaitQueue size: 171
Request# 171, RequestDispatched: 100, RequestRejected: 0, Servers In Use: 21, Servers NotIn Use: 0, WaitQueue size: 172
Request# 172, RequestDispatched: 100, RequestRejected: 0, Servers In Use: 21, Servers NotIn Use: 0, WaitQueue size: 173
Request# 173, RequestDispatched: 100, RequestRejected: 0, Servers In Use: 21, Servers NotIn Use: 0, WaitQueue size: 174
Request# 174, RequestDispatched: 100, RequestRejected: 0, Servers In Use: 21, Servers NotIn Use: 0, WaitQueue size: 175
Request# 175, RequestDispatched: 100, RequestRejected: 0, Servers In Use: 21, Servers NotIn Use: 0, WaitQueue size: 176
Request# 176, RequestDispatched: 100, RequestRejected: 0, Servers In Use: 21, Servers NotIn Use: 0, WaitQueue size: 177
Request# 177, RequestDispatched: 100, RequestRejected: 0, Servers In Use: 21, Servers NotIn Use: 0, WaitQueue size: 178
Request# 178, RequestDispatched: 100, RequestRejected: 0, Servers In Use: 21, Servers NotIn Use: 0, WaitQueue size: 179
Request# 179, RequestDispatched: 100, RequestRejected: 0, Servers In Use: 21, Servers NotIn Use: 0, WaitQueue size: 180
Request# 180, RequestDispatched: 100, RequestRejected: 0, Servers In Use: 21, Servers NotIn Use: 0, WaitQueue size: 181
Request# 181, RequestDispatched: 100, RequestRejected: 0, Servers In Use: 21, Servers NotIn Use: 0, WaitQueue size: 182
Request# 182, RequestDispatched: 100, RequestRejected: 0, Servers In Use: 21, Servers NotIn Use: 0, WaitQueue size: 183
Request# 183, RequestDispatched: 100, RequestRejected: 0, Servers In Use: 21, Servers NotIn Use: 0, WaitQueue size: 184
Request# 184, RequestDispatched: 100, RequestRejected: 0, Servers In Use: 21, Servers NotIn Use: 0, WaitQueue size: 185
Request# 185, RequestDispatched: 100, RequestRejected: 0, Servers In Use: 21, Servers NotIn Use: 0, WaitQueue size: 186
Request# 186, RequestDispatched: 100, RequestRejected: 0, Servers In Use: 21, Servers NotIn Use: 0, WaitQueue size: 187
Request# 187, RequestDispatched: 100, RequestRejected: 0, Servers In Use: 21, Servers NotIn Use: 0, WaitQueue size: 188
Request# 188, RequestDispatched: 100, RequestRejected: 0, Servers In Use: 21, Servers NotIn Use: 0, WaitQueue size: 189
Request# 189, RequestDispatched: 100, RequestRejected: 0, Servers In Use: 21, Servers NotIn Use: 0, WaitQueue size: 190
Request# 190, RequestDispatched: 100, RequestRejected: 0, Servers In Use: 21, Servers NotIn Use: 0, WaitQueue size: 191
Request# 191, RequestDispatched: 100, RequestRejected: 0, Servers In Use: 21, Servers NotIn Use: 0, WaitQueue size: 192
Request# 192, RequestDispatched: 100, RequestRejected: 0, Servers In Use: 21, Servers NotIn Use: 0, WaitQueue size: 193
Request# 193, RequestDispatched: 100, RequestRejected: 0, Servers In Use: 21, Servers NotIn Use: 0, WaitQueue size: 194
Request# 194, RequestDispatched: 100, RequestRejected: 0, Servers In Use: 21, Servers NotIn Use: 0, WaitQueue size: 195
Request# 195, RequestDispatched: 100, RequestRejected: 0, Servers In Use: 21, Servers NotIn Use: 0, WaitQueue size: 196
Request# 196, RequestDispatched: 100, RequestRejected: 0, Servers In Use: 21, Servers NotIn Use: 0, WaitQueue size: 197
Request# 197, RequestDispatched: 100, RequestRejected: 0, Servers In Use: 21, Servers NotIn Use: 0, WaitQueue size: 198
Request# 198, RequestDispatched: 100, RequestRejected: 0, Servers In Use: 21, Servers NotIn Use: 0, WaitQueue size: 199
Request# 199, RequestDispatched: 100, RequestRejected: 0, Servers In Use: 21, Servers NotIn Use: 0, WaitQueue size: 200
Request# 200, RequestDispatched: 100, RequestRejected: 0, Servers In Use: 21, Servers NotIn Use: 0, WaitQueue size: 201
Request# 201, RequestDispatched: 100, RequestRejected: 0, Servers In Use: 21, Servers NotIn Use: 0, WaitQueue size: 202
Request# 202, RequestDispatched: 100, RequestRejected: 0, Servers In Use: 21, Servers NotIn Use: 0, WaitQueue size: 203
Request# 203, RequestDispatched: 100, RequestRejected: 0, Servers In Use: 21, Servers NotIn Use: 0, WaitQueue size: 204
Request# 204, RequestDispatched: 100, RequestRejected: 0, Servers In Use: 21, Servers NotIn Use: 0, WaitQueue size: 205
Request# 205, RequestDispatched: 100, RequestRejected: 0, Servers In Use: 21, Servers NotIn Use: 0, WaitQueue size: 206
Request# 206, RequestDispatched: 100, RequestRejected: 0, Servers In Use: 21, Servers NotIn Use: 0, WaitQueue size: 207
Request# 207, RequestDispatched: 100, RequestRejected: 0, Servers In Use: 21, Servers NotIn Use: 0, WaitQueue size: 208
Request# 208, RequestDispatched: 100, RequestRejected: 0, Servers In Use: 21, Servers NotIn Use: 0, WaitQueue size: 209
Request# 209, RequestDispatched: 100, RequestRejected: 0, Servers In Use: 21, Servers NotIn Use: 0, WaitQueue size: 210
Request# 210, RequestDispatched: 100, RequestRejected: 0, Servers In Use: 21, Servers NotIn Use: 0, WaitQueue size: 211
Request# 211, RequestDispatched: 100, RequestRejected: 0, Servers In Use: 21, Servers NotIn Use: 0, WaitQueue size: 212
Request# 212, RequestDispatched: 100, RequestRejected: 0, Servers In Use: 21, Servers NotIn Use: 0, WaitQueue size: 213
Request# 213, RequestDispatched: 100, RequestRejected: 0, Servers In Use: 21, Servers NotIn Use: 0, WaitQueue size: 214
Request# 214, RequestDispatched: 100, RequestRejected: 0, Servers In Use: 21, Servers NotIn Use: 0, WaitQueue size: 215
Request# 215, RequestDispatched: 100, RequestRejected: 0, Servers In Use: 21, Servers NotIn Use: 0, WaitQueue size: 216
Request# 216, RequestDispatched: 100, RequestRejected: 0, Servers In Use: 21, Servers NotIn Use: 0, WaitQueue size: 217
Request# 217, RequestDispatched: 100, RequestRejected: 0, Servers In Use: 21, Servers NotIn Use: 0, WaitQueue size: 218
Request# 218, RequestDispatched: 100, RequestRejected: 0, Servers In Use: 21, Servers NotIn Use: 0, WaitQueue size: 219
Request# 219, RequestDispatched: 100, RequestRejected: 0, Servers In Use: 21, Servers NotIn Use: 0, WaitQueue size: 220
Request# 220, RequestDispatched: 100, RequestRejected: 0, Servers In Use: 21, Servers NotIn Use: 0, WaitQueue size: 221
Request# 221, RequestDispatched: 100, RequestRejected: 0, Servers In Use: 21, Servers NotIn Use: 0, WaitQueue size: 222
Request# 222, RequestDispatched: 100, RequestRejected: 0, Servers In Use: 21, Servers NotIn Use: 0, WaitQueue size: 223
Request# 223, RequestDispatched: 100, RequestRejected: 0, Servers In Use: 21, Servers NotIn Use: 0, WaitQueue size: 224
Request# 224, RequestDispatched: 100, RequestRejected: 0, Servers In Use: 21, Servers NotIn Use: 0, WaitQueue size: 225
Request# 225, RequestDispatched: 100, RequestRejected: 0, Servers In Use: 21, Servers NotIn Use: 0, WaitQueue size: 226
Request# 226, RequestDispatched: 100, RequestRejected: 0, Servers In Use: 21, Servers NotIn Use: 0, WaitQueue size: 227
Request# 227, RequestDispatched: 100, RequestRejected: 0, Servers In Use: 21, Servers NotIn Use: 0, WaitQueue size: 228
Request# 228, RequestDispatched: 100, RequestRejected: 0, Servers In Use: 21, Servers NotIn Use: 0, WaitQueue size: 229
Request# 229, RequestDispatched: 100, RequestRejected: 0, Servers In Use: 21, Servers NotIn Use: 0, WaitQueue size: 230
Request# 230, RequestDispatched: 100, RequestRejected: 0, Servers In Use: 21, Servers NotIn Use: 0, WaitQueue size: 231
Request# 231, RequestDispatched: 100, RequestRejected: 0, Servers In Use: 21, Servers NotIn Use: 0, WaitQueue size: 232
Request# 232, RequestDispatched: 100, RequestRejected: 0, Servers In Use: 21, Servers NotIn Use: 0, WaitQueue size: 233
Request# 233, RequestDispatched: 100, RequestRejected: 0, Servers In Use: 21, Servers NotIn Use: 0, WaitQueue size: 234
Request# 234, RequestDispatched: 100, RequestRejected: 0, Servers In Use: 21, Servers NotIn Use: 0, WaitQueue size: 235
Request# 235, RequestDispatched: 100, RequestRejected: 0, Servers In Use: 21, Servers NotIn Use: 0, WaitQueue size: 236
Request# 236, RequestDispatched: 100, RequestRejected: 0, Servers In Use: 21, Servers NotIn Use: 0, WaitQueue size: 237
Request# 237, RequestDispatched: 100, RequestRejected: 0, Servers In Use: 21, Servers NotIn Use: 0, WaitQueue size: 238
Request# 238, RequestDispatched: 100, RequestRejected: 0, Servers In Use: 21, Servers NotIn Use: 0, WaitQueue size: 239
Request# 239, RequestDispatched: 100, RequestRejected: 0, Servers In Use: 21, Servers NotIn Use: 0, WaitQueue size: 240
Request# 240, RequestDispatched: 100, RequestRejected: 0, Servers In Use: 21, Servers NotIn Use: 0, WaitQueue size: 241
Request# 241, RequestDispatched: 100, RequestRejected: 0, Servers In Use: 21, Servers NotIn Use: 0, WaitQueue size: 242
Request# 242, RequestDispatched: 100, RequestRejected: 0, Servers In Use: 21, Servers NotIn Use: 0, WaitQueue size: 243
Request# 243, RequestDispatched: 100, RequestRejected: 0, Servers In Use: 21, Servers NotIn Use: 0, WaitQueue size: 244
Request# 244, RequestDispatched: 100, RequestRejected: 0, Servers In Use: 21, Servers NotIn Use: 0, WaitQueue size: 245
Request# 245, RequestDispatched: 100, RequestRejected: 0, Servers In Use: 21, Servers NotIn Use: 0, WaitQueue size: 246
Request# 246, RequestDispatched: 100, RequestRejected: 0, Servers In Use: 21, Servers NotIn Use: 0, WaitQueue size: 247
Request# 247, RequestDispatched: 100, RequestRejected: 0, Servers In Use: 21, Servers NotIn Use: 0, WaitQueue size: 248
Request# 248, RequestDispatched: 100, RequestRejected: 0, Servers In Use: 21, Servers NotIn Use: 0, WaitQueue size: 249
Request# 249, RequestDispatched: 100, RequestRejected: 0, Servers In Use: 21, Servers NotIn Use: 0, WaitQueue size: 250
Request# 250, RequestDispatched: 100, RequestRejected: 0, Servers In Use: 21, Servers NotIn Use: 0, WaitQueue size: 251
Request# 251, RequestDispatched: 100, RequestRejected: 0, Servers In Use: 21, Servers NotIn Use: 0, WaitQueue size: 252
Request# 252, RequestDispatched: 100, RequestRejected: 0, Servers In Use: 21, Servers NotIn Use: 0, WaitQueue size: 253
Request# 253, RequestDispatched: 100, RequestRejected: 0, Servers In Use: 21, Servers NotIn Use: 0, WaitQueue size: 254
Request# 254, RequestDispatched: 100, RequestRejected: 0, Servers In Use: 21, Servers NotIn Use: 0, WaitQueue size: 255
Request# 255, RequestDispatched: 100, RequestRejected: 0, Servers In Use: 21, Servers NotIn Use: 0, WaitQueue size: 256
Request# 256, RequestDispatched: 100, RequestRejected: 0, Servers In Use: 21, Servers NotIn Use: 0, WaitQueue size: 257
Request# 257, RequestDispatched: 100, RequestRejected: 0, Servers In Use: 21, Servers NotIn Use: 0, WaitQueue size: 258
Request# 258, RequestDispatched: 100, RequestRejected: 0, Servers In Use: 21, Servers NotIn Use: 0, WaitQueue size: 259
Request# 259, RequestDispatched: 100, RequestRejected: 0, Servers In Use: 21, Servers NotIn Use: 0, WaitQueue size: 260
Request# 260, RequestDispatched: 100, RequestRejected: 0, Servers In Use: 21, Servers NotIn Use: 0, WaitQueue size: 261
Request# 261, RequestDispatched: 100, RequestRejected: 0, Servers In Use: 21, Servers NotIn Use: 0, WaitQueue size: 262
Request# 262, RequestDispatched: 100, RequestRejected: 0, Servers In Use: 21, Servers NotIn Use: 0, WaitQueue size: 263
Request# 263, RequestDispatched: 100, RequestRejected: 0, Servers In Use: 21, Servers NotIn Use: 0, WaitQueue size: 264
Request# 264, RequestDispatched: 100, RequestRejected: 0, Servers In Use: 21, Servers NotIn Use: 0, WaitQueue size: 265
Request# 265, RequestDispatched: 100, RequestRejected: 0, Servers In Use: 21, Servers NotIn Use: 0, WaitQueue size: 266
Request# 266, RequestDispatched: 100, RequestRejected: 0, Servers In Use: 21, Servers NotIn Use: 0, WaitQueue size: 267
Request# 267, RequestDispatched: 100, RequestRejected: 0, Servers In Use: 21, Servers NotIn Use: 0, WaitQueue size: 268
Request# 268, RequestDispatched: 100, RequestRejected: 0, Servers In Use: 21, Servers NotIn Use: 0, WaitQueue size: 269
Request# 269, RequestDispatched: 100, RequestRejected: 0, Servers In Use: 21, Servers NotIn Use: 0, WaitQueue size: 270
Request# 270, RequestDispatched: 100, RequestRejected: 0, Servers In Use: 21, Servers NotIn Use: 0, WaitQueue size: 271
Request# 271, RequestDispatched: 100, RequestRejected: 0, Servers In Use: 21, Servers NotIn Use: 0, WaitQueue size: 272
Request# 272, RequestDispatched: 100, RequestRejected: 0, Servers In Use: 21, Servers NotIn Use: 0, WaitQueue size: 273
Request# 273, RequestDispatched: 100, RequestRejected: 0, Servers In Use: 21, Servers NotIn Use: 0, WaitQueue size: 274
Request# 274, RequestDispatched: 100, RequestRejected: 0, Servers In Use: 21, Servers NotIn Use: 0, WaitQueue size: 275
Request# 275, RequestDispatched: 100, RequestRejected: 0, Servers In Use: 21, Servers NotIn Use: 0, WaitQueue size: 276
Request# 276, RequestDispatched: 100, RequestRejected: 0, Servers In Use: 21, Servers NotIn Use: 0, WaitQueue size: 277
Request# 277, RequestDispatched: 100, RequestRejected: 0, Servers In Use: 21, Servers NotIn Use: 0, WaitQueue size: 278
Request# 278, RequestDispatched: 100, RequestRejected: 0, Servers In Use: 21, Servers NotIn Use: 0, WaitQueue size: 279
Request# 279, RequestDispatched: 100, RequestRejected: 0, Servers In Use: 21, Servers NotIn Use: 0, WaitQueue size: 280
Request# 280, RequestDispatched: 100, RequestRejected: 0, Servers In Use: 21, Servers NotIn Use: 0, WaitQueue size: 281
Request# 281, RequestDispatched: 100, RequestRejected: 0, Servers In Use: 21, Servers NotIn Use: 0, WaitQueue size: 282
Request# 282, RequestDispatched: 100, RequestRejected: 0, Servers In Use: 21, Servers NotIn Use: 0, WaitQueue size: 283
Request# 283, RequestDispatched: 100, RequestRejected: 0, Servers In Use: 21, Servers NotIn Use: 0, WaitQueue size: 284
Request# 284, RequestDispatched: 100, RequestRejected: 0, Servers In Use: 21, Servers NotIn Use: 0, WaitQueue size: 285
Request# 285, RequestDispatched: 100, RequestRejected: 0, Servers In Use: 21, Servers NotIn Use: 0, WaitQueue size: 286
Request# 286, RequestDispatched: 100, RequestRejected: 0, Servers In Use: 21, Servers NotIn Use: 0, WaitQueue size: 287
Request# 287, RequestDispatched: 100, RequestRejected: 0, Servers In Use: 21, Servers NotIn Use: 0, WaitQueue size: 288
Request# 288, RequestDispatched: 100, RequestRejected: 0, Servers In Use: 21, Servers NotIn Use: 0, WaitQueue size: 289
Request# 289, RequestDispatched: 100, RequestRejected: 0, Servers In Use: 21, Servers NotIn Use: 0, WaitQueue size: 290
Request# 290, RequestDispatched: 100, RequestRejected: 0, Servers In Use: 21, Servers NotIn Use: 0, WaitQueue size: 291
Request# 291, RequestDispatched: 100, RequestRejected: 0, Servers In Use: 21, Servers NotIn Use: 0, WaitQueue size: 292
Request# 292, RequestDispatched: 100, RequestRejected: 0, Servers In Use: 21, Servers NotIn Use: 0, WaitQueue size: 293
Request# 293, RequestDispatched: 100, RequestRejected: 0, Servers In Use: 21, Servers NotIn Use: 0, WaitQueue size: 294
Request# 294, RequestDispatched: 100, RequestRejected: 0, Servers In Use: 21, Servers NotIn Use: 0, WaitQueue size: 295
Request# 295, RequestDispatched: 100, RequestRejected: 0, Servers In Use: 21, Servers NotIn Use: 0, WaitQueue size: 296
Request# 296, RequestDispatched: 100, RequestRejected: 0, Servers In Use: 21, Servers NotIn Use: 0, WaitQueue size: 297
Request# 297, RequestDispatched: 100, RequestRejected: 0, Servers In Use: 21, Servers NotIn Use: 0, WaitQueue size: 298
Request# 298, RequestDispatched: 100, RequestRejected: 0, Servers In Use: 21, Servers NotIn Use: 0, WaitQueue size: 299
Request# 299, RequestDispatched: 100, RequestRejected: 0, Servers In Use: 21, Servers NotIn Use: 0, WaitQueue size: 300
Request# 300, RequestDispatched: 100, RequestRejected: 0, Servers In Use: 21, Servers NotIn Use: 0, WaitQueue size: 301
Request# 301, RequestDispatched: 100, RequestRejected: 0, Servers In Use: 21, Servers NotIn Use: 0, WaitQueue size: 302
Request# 302, RequestDispatched: 100, RequestRejected: 0, Servers In Use: 21, Servers NotIn Use: 0, WaitQueue size: 303
Request# 303, RequestDispatched: 100, RequestRejected: 0, Servers In Use: 21, Servers NotIn Use: 0, WaitQueue size: 304
Request# 304, RequestDispatched: 100, RequestRejected: 0, Servers In Use: 21, Servers NotIn Use: 0, WaitQueue size: 305
Request# 305, RequestDispatched: 100, RequestRejected: 0, Servers In Use: 21, Servers NotIn Use: 0, WaitQueue size: 306
Request# 306, RequestDispatched: 100, RequestRejected: 0, Servers In Use: 21, Servers NotIn Use: 0, WaitQueue size: 307
Request# 307, RequestDispatched: 100, RequestRejected: 0, Servers In Use: 21, Servers NotIn Use: 0, WaitQueue size: 308
Request# 308, RequestDispatched: 100, RequestRejected: 0, Servers In Use: 21, Servers NotIn Use: 0, WaitQueue size: 309
Request# 309, RequestDispatched: 100, RequestRejected: 0, Servers In Use: 21, Servers NotIn Use: 0, WaitQueue size: 310
Request# 310, RequestDispatched: 100, RequestRejected: 0, Servers In Use: 21, Servers NotIn Use: 0, WaitQueue size: 311
Request# 311, RequestDispatched: 100, RequestRejected: 0, Servers In Use: 21, Servers NotIn Use: 0, WaitQueue size: 312
Request# 312, RequestDispatched: 100, RequestRejected: 0, Servers In Use: 21, Servers NotIn Use: 0, WaitQueue size: 313
Request# 313, RequestDispatched: 100, RequestRejected: 0, Servers In Use: 21, Servers NotIn Use: 0, WaitQueue size: 314
Request# 314, RequestDispatched: 100, RequestRejected: 0, Servers In Use: 21, Servers NotIn Use: 0, WaitQueue size: 315
Request# 315, RequestDispatched: 100, RequestRejected: 0, Servers In Use: 21, Servers NotIn Use: 0, WaitQueue size: 316
Request# 316, RequestDispatched: 100, RequestRejected: 0, Servers In Use: 21, Servers NotIn Use: 0, WaitQueue size: 317
Request# 317, RequestDispatched: 100, RequestRejected: 0, Servers In Use: 21, Servers NotIn Use: 0, WaitQueue size: 318
Request# 318, RequestDispatched: 100, RequestRejected: 0, Servers In Use: 21, Servers NotIn Use: 0, WaitQueue size: 319
Request# 319, RequestDispatched: 100, RequestRejected: 0, Servers In Use: 21, Servers NotIn Use: 0, WaitQueue size: 320
Request# 320, RequestDispatched: 100, RequestRejected: 0, Servers In Use: 21, Servers NotIn Use: 0, WaitQueue size: 321
Request# 321, RequestDispatched: 100, RequestRejected: 0, Servers In Use: 21, Servers NotIn Use: 0, WaitQueue size: 322
Request# 322, RequestDispatched: 100, RequestRejected: 0, Servers In Use: 21, Servers NotIn Use: 0, WaitQueue size: 323
Request# 323, RequestDispatched: 100, RequestRejected: 0, Servers In Use: 21, Servers NotIn Use: 0, WaitQueue size: 324
Request# 324, RequestDispatched: 100, RequestRejected: 0, Servers In Use: 21, Servers NotIn Use: 0, WaitQueue size: 325
Request# 325, RequestDispatched: 100, RequestRejected: 0, Servers In Use: 21, Servers NotIn Use: 0, WaitQueue size: 326
Request# 326, RequestDispatched: 100, RequestRejected: 0, Servers In Use: 21, Servers NotIn Use: 0, WaitQueue size: 327
Request# 327, RequestDispatched: 100, RequestRejected: 0, Servers In Use: 21, Servers NotIn Use: 0, WaitQueue size: 328
Request# 328, RequestDispatched: 100, RequestRejected: 0, Servers In Use: 21, Servers NotIn Use: 0, WaitQueue size: 329
Request# 329, RequestDispatched: 100, RequestRejected: 0, Servers In Use: 21, Servers NotIn Use: 0, WaitQueue size: 330
Request# 330, RequestDispatched: 100, RequestRejected: 0, Servers In Use: 21, Servers NotIn Use: 0, WaitQueue size: 331
Request# 331, RequestDispatched: 100, RequestRejected: 0, Servers In Use: 21, Servers NotIn Use: 0, WaitQueue size: 332
Request# 332, RequestDispatched: 100, RequestRejected: 0, Servers In Use: 21, Servers NotIn Use: 0, WaitQueue size: 333
Request# 333, RequestDispatched: 100, RequestRejected: 0, Servers In Use: 21, Servers NotIn Use: 0, WaitQueue size: 334
Request# 334, RequestDispatched: 100, RequestRejected: 0, Servers In Use: 21, Servers NotIn Use: 0, WaitQueue size: 335
Request# 335, RequestDispatched: 100, RequestRejected: 0, Servers In Use: 21, Servers NotIn Use: 0, WaitQueue size: 336
Request# 336, RequestDispatched: 100, RequestRejected: 0, Servers In Use: 21, Servers NotIn Use: 0, WaitQueue size: 337
Request# 337, RequestDispatched: 100, RequestRejected: 0, Servers In Use: 21, Servers NotIn Use: 0, WaitQueue size: 338
Request# 338, RequestDispatched: 100, RequestRejected: 0, Servers In Use: 21, Servers NotIn Use: 0, WaitQueue size: 339
Request# 339, RequestDispatched: 100, RequestRejected: 0, Servers In Use: 21, Servers NotIn Use: 0, WaitQueue size: 340
Request# 340, RequestDispatched: 100, RequestRejected: 0, Servers In Use: 21, Servers NotIn Use: 0, WaitQueue size: 341
Request# 341, RequestDispatched: 100, RequestRejected: 0, Servers In Use: 21, Servers NotIn Use: 0, WaitQueue size: 342
Request# 342, RequestDispatched: 100, RequestRejected: 0, Servers In Use: 21, Servers NotIn Use: 0, WaitQueue size: 343
Request# 343, RequestDispatched: 100, RequestRejected: 0, Servers In Use: 21, Servers NotIn Use: 0, WaitQueue size: 344
Request# 344, RequestDispatched: 100, RequestRejected: 0, Servers In Use: 21, Servers NotIn Use: 0, WaitQueue size: 345
Request# 345, RequestDispatched: 100, RequestRejected: 0, Servers In Use: 21, Servers NotIn Use: 0, WaitQueue size: 346
Request# 346, RequestDispatched: 100, RequestRejected: 0, Servers In Use: 21, Servers NotIn Use: 0, WaitQueue size: 347
Request# 347, RequestDispatched: 100, RequestRejected: 0, Servers In Use: 21, Servers NotIn Use: 0, WaitQueue size: 348
Request# 348, RequestDispatched: 100, RequestRejected: 0, Servers In Use: 21, Servers NotIn Use: 0, WaitQueue size: 349
Request# 349, RequestDispatched: 100, RequestRejected: 0, Servers In Use: 21, Servers NotIn Use: 0, WaitQueue size: 350
Request# 350, RequestDispatched: 100, RequestRejected: 0, Servers In Use: 21, Servers NotIn Use: 0, WaitQueue size: 351
Request# 351, RequestDispatched: 100, RequestRejected: 0, Servers In Use: 21, Servers NotIn Use: 0, WaitQueue size: 352
Request# 352, RequestDispatched: 100, RequestRejected: 0, Servers In Use: 21, Servers NotIn Use: 0, WaitQueue size: 353
Request# 353, RequestDispatched: 100, RequestRejected: 0, Servers In Use: 21, Servers NotIn Use: 0, WaitQueue size: 354
Request# 354, RequestDispatched: 100, RequestRejected: 0, Servers In Use: 21, Servers NotIn Use: 0, WaitQueue size: 355
Request# 355, RequestDispatched: 100, RequestRejected: 0, Servers In Use: 21, Servers NotIn Use: 0, WaitQueue size: 356
Request# 356, RequestDispatched: 100, RequestRejected: 0, Servers In Use: 21, Servers NotIn Use: 0, WaitQueue size: 357
Request# 357, RequestDispatched: 100, RequestRejected: 0, Servers In Use: 21, Servers NotIn Use: 0, WaitQueue size: 358
Request# 358, RequestDispatched: 100, RequestRejected: 0, Servers In Use: 21, Servers NotIn Use: 0, WaitQueue size: 359
Request# 359, RequestDispatched: 100, RequestRejected: 0, Servers In Use: 21, Servers NotIn Use: 0, WaitQueue size: 360
Request# 360, RequestDispatched: 100, RequestRejected: 0, Servers In Use: 21, Servers NotIn Use: 0, WaitQueue size: 361
Request# 361, RequestDispatched: 100, RequestRejected: 0, Servers In Use: 21, Servers NotIn Use: 0, WaitQueue size: 362
Request# 362, RequestDispatched: 100, RequestRejected: 0, Servers In Use: 21, Servers NotIn Use: 0, WaitQueue size: 363
Request# 363, RequestDispatched: 100, RequestRejected: 0, Servers In Use: 21, Servers NotIn Use: 0, WaitQueue size: 364
Request# 364, RequestDispatched: 100, RequestRejected: 0, Servers In Use: 21, Servers NotIn Use: 0, WaitQueue size: 365
Request# 365, RequestDispatched: 100, RequestRejected: 0, Servers In Use: 21, Servers NotIn Use: 0, WaitQueue size: 366
Request# 366, RequestDispatched: 100, RequestRejected: 0, Servers In Use: 21, Servers NotIn Use: 0, WaitQueue size: 367
Request# 367, RequestDispatched: 100, RequestRejected: 0, Servers In Use: 21, Servers NotIn Use: 0, WaitQueue size: 368
Request# 368, RequestDispatched: 100, RequestRejected: 0, Servers In Use: 21, Servers NotIn Use: 0, WaitQueue size: 369
Request# 369, RequestDispatched: 100, RequestRejected: 0, Servers In Use: 21, Servers NotIn Use: 0, WaitQueue size: 370
Request# 370, RequestDispatched: 100, RequestRejected: 0, Servers In Use: 21, Servers NotIn Use: 0, WaitQueue size: 371
Request# 371, RequestDispatched: 100, RequestRejected: 0, Servers In Use: 21, Servers NotIn Use: 0, WaitQueue size: 372
Request# 372, RequestDispatched: 100, RequestRejected: 0, Servers In Use: 21, Servers NotIn Use: 0, WaitQueue size: 373
Request# 373, RequestDispatched: 100, RequestRejected: 0, Servers In Use: 21, Servers NotIn Use: 0, WaitQueue size: 374
Request# 374, RequestDispatched: 100, RequestRejected: 0, Servers In Use: 21, Servers NotIn Use: 0, WaitQueue size: 375
Request# 375, RequestDispatched: 100, RequestRejected: 0, Servers In Use: 21, Servers NotIn Use: 0, WaitQueue size: 376
Request# 376, RequestDispatched: 100, RequestRejected: 0, Servers In Use: 21, Servers NotIn Use: 0, WaitQueue size: 377
Request# 377, RequestDispatched: 100, RequestRejected: 0, Servers In Use: 21, Servers NotIn Use: 0, WaitQueue size: 378
Request# 378, RequestDispatched: 100, RequestRejected: 0, Servers In Use: 21, Servers NotIn Use: 0, WaitQueue size: 379
Request# 379, RequestDispatched: 100, RequestRejected: 0, Servers In Use: 21, Servers NotIn Use: 0, WaitQueue size: 380
Request# 380, RequestDispatched: 100, RequestRejected: 0, Servers In Use: 21, Servers NotIn Use: 0, WaitQueue size: 381
Request# 381, RequestDispatched: 100, RequestRejected: 0, Servers In Use: 21, Servers NotIn Use: 0, WaitQueue size: 382
Request# 382, RequestDispatched: 100, RequestRejected: 0, Servers In Use: 21, Servers NotIn Use: 0, WaitQueue size: 383
Request# 383, RequestDispatched: 100, RequestRejected: 0, Servers In Use: 21, Servers NotIn Use: 0, WaitQueue size: 384
Request# 384, RequestDispatched: 100, RequestRejected: 0, Servers In Use: 21, Servers NotIn Use: 0, WaitQueue size: 385
Request# 385, RequestDispatched: 100, RequestRejected: 0, Servers In Use: 21, Servers NotIn Use: 0, WaitQueue size: 386
Request# 386, RequestDispatched: 100, RequestRejected: 0, Servers In Use: 21, Servers NotIn Use: 0, WaitQueue size: 387
Request# 387, RequestDispatched: 100, RequestRejected: 0, Servers In Use: 21, Servers NotIn Use: 0, WaitQueue size: 388
Request# 388, RequestDispatched: 100, RequestRejected: 0, Servers In Use: 21, Servers NotIn Use: 0, WaitQueue size: 389
Request# 389, RequestDispatched: 100, RequestRejected: 0, Servers In Use: 21, Servers NotIn Use: 0, WaitQueue size: 390
Request# 390, RequestDispatched: 100, RequestRejected: 0, Servers In Use: 21, Servers NotIn Use: 0, WaitQueue size: 391
Request# 391, RequestDispatched: 100, RequestRejected: 0, Servers In Use: 21, Servers NotIn Use: 0, WaitQueue size: 392
Request# 392, RequestDispatched: 100, RequestRejected: 0, Servers In Use: 21, Servers NotIn Use: 0, WaitQueue size: 393
Request# 393, RequestDispatched: 100, RequestRejected: 0, Servers In Use: 21, Servers NotIn Use: 0, WaitQueue size: 394
Request# 394, RequestDispatched: 100, RequestRejected: 0, Servers In Use: 21, Servers NotIn Use: 0, WaitQueue size: 395
Request# 395, RequestDispatched: 100, RequestRejected: 0, Servers In Use: 21, Servers NotIn Use: 0, WaitQueue size: 396
Request# 396, RequestDispatched: 100, RequestRejected: 0, Servers In Use: 21, Servers NotIn Use: 0, WaitQueue size: 397
Request# 397, RequestDispatched: 100, RequestRejected: 0, Servers In Use: 21, Servers NotIn Use: 0, WaitQueue size: 398
Request# 398, RequestDispatched: 100, RequestRejected: 0, Servers In Use: 21, Servers NotIn Use: 0, WaitQueue size: 399
Request# 399, RequestDispatched: 100, RequestRejected: 0, Servers In Use: 21, Servers NotIn Use: 0, WaitQueue size: 400
Request# 400, RequestDispatched: 100, RequestRejected: 0, Servers In Use: 21, Servers NotIn Use: 0, WaitQueue size: 401
Request# 401, RequestDispatched: 100, RequestRejected: 0, Servers In Use: 21, Servers NotIn Use: 0, WaitQueue size: 402
Request# 402, RequestDispatched: 100, RequestRejected: 0, Servers In Use: 21, Servers NotIn Use: 0, WaitQueue size: 403
Request# 403, RequestDispatched: 100, RequestRejected: 0, Servers In Use: 21, Servers NotIn Use: 0, WaitQueue size: 404
Request# 404, RequestDispatched: 100, RequestRejected: 0, Servers In Use: 21, Servers NotIn Use: 0, WaitQueue size: 405
Request# 405, RequestDispatched: 100, RequestRejected: 0, Servers In Use: 21, Servers NotIn Use: 0, WaitQueue size: 406
Request# 406, RequestDispatched: 100, RequestRejected: 0, Servers In Use: 21, Servers NotIn Use: 0, WaitQueue size: 407
Request# 407, RequestDispatched: 100, RequestRejected: 0, Servers In Use: 21, Servers NotIn Use: 0, WaitQueue size: 408
Request# 408, RequestDispatched: 100, RequestRejected: 0, Servers In Use: 21, Servers NotIn Use: 0, WaitQueue size: 409
Request# 409, RequestDispatched: 100, RequestRejected: 0, Servers In Use: 21, Servers NotIn Use: 0, WaitQueue size: 410
Request# 410, RequestDispatched: 100, RequestRejected: 0, Servers In Use: 21, Servers NotIn Use: 0, WaitQueue size: 411
Request# 411, RequestDispatched: 100, RequestRejected: 0, Servers In Use: 21, Servers NotIn Use: 0, WaitQueue size: 412
Request# 412, RequestDispatched: 100, RequestRejected: 0, Servers In Use: 21, Servers NotIn Use: 0, WaitQueue size: 413
Request# 413, RequestDispatched: 100, RequestRejected: 0, Servers In Use: 21, Servers NotIn Use: 0, WaitQueue size: 414
Request# 414, RequestDispatched: 100, RequestRejected: 0, Servers In Use: 21, Servers NotIn Use: 0, WaitQueue size: 415
Request# 415, RequestDispatched: 100, RequestRejected: 0, Servers In Use: 21, Servers NotIn Use: 0, WaitQueue size: 416
Request# 416, RequestDispatched: 100, RequestRejected: 0, Servers In Use: 21, Servers NotIn Use: 0, WaitQueue size: 417
Request# 417, RequestDispatched: 100, RequestRejected: 0, Servers In Use: 21, Servers NotIn Use: 0, WaitQueue size: 418
Request# 418, RequestDispatched: 100, RequestRejected: 0, Servers In Use: 21, Servers NotIn Use: 0, WaitQueue size: 419
Request# 419, RequestDispatched: 100, RequestRejected: 0, Servers In Use: 21, Servers NotIn Use: 0, WaitQueue size: 420
Request# 420, RequestDispatched: 100, RequestRejected: 0, Servers In Use: 21, Servers NotIn Use: 0, WaitQueue size: 421
Request# 421, RequestDispatched: 100, RequestRejected: 0, Servers In Use: 21, Servers NotIn Use: 0, WaitQueue size: 422
Request# 422, RequestDispatched: 100, RequestRejected: 0, Servers In Use: 21, Servers NotIn Use: 0, WaitQueue size: 423
Request# 423, RequestDispatched: 100, RequestRejected: 0, Servers In Use: 21, Servers NotIn Use: 0, WaitQueue size: 424
Request# 424, RequestDispatched: 100, RequestRejected: 0, Servers In Use: 21, Servers NotIn Use: 0, WaitQueue size: 425
Request# 425, RequestDispatched: 100, RequestRejected: 0, Servers In Use: 21, Servers NotIn Use: 0, WaitQueue size: 426
Request# 426, RequestDispatched: 100, RequestRejected: 0, Servers In Use: 21, Servers NotIn Use: 0, WaitQueue size: 427
Request# 427, RequestDispatched: 100, RequestRejected: 0, Servers In Use: 21, Servers NotIn Use: 0, WaitQueue size: 428
Request# 428, RequestDispatched: 100, RequestRejected: 0, Servers In Use: 21, Servers NotIn Use: 0, WaitQueue size: 429
Request# 429, RequestDispatched: 100, RequestRejected: 0, Servers In Use: 21, Servers NotIn Use: 0, WaitQueue size: 430
Request# 430, RequestDispatched: 100, RequestRejected: 0, Servers In Use: 21, Servers NotIn Use: 0, WaitQueue size: 431
Request# 431, RequestDispatched: 100, RequestRejected: 0, Servers In Use: 21, Servers NotIn Use: 0, WaitQueue size: 432
Request# 432, RequestDispatched: 100, RequestRejected: 0, Servers In Use: 21, Servers NotIn Use: 0, WaitQueue size: 433
Request# 433, RequestDispatched: 100, RequestRejected: 0, Servers In Use: 21, Servers NotIn Use: 0, WaitQueue size: 434
Request# 434, RequestDispatched: 100, RequestRejected: 0, Servers In Use: 21, Servers NotIn Use: 0, WaitQueue size: 435
Request# 435, RequestDispatched: 100, RequestRejected: 0, Servers In Use: 21, Servers NotIn Use: 0, WaitQueue size: 436
Request# 436, RequestDispatched: 100, RequestRejected: 0, Servers In Use: 21, Servers NotIn Use: 0, WaitQueue size: 437
Request# 437, RequestDispatched: 100, RequestRejected: 0, Servers In Use: 21, Servers NotIn Use: 0, WaitQueue size: 438
Request# 438, RequestDispatched: 100, RequestRejected: 0, Servers In Use: 21, Servers NotIn Use: 0, WaitQueue size: 439
Request# 439, RequestDispatched: 100, RequestRejected: 0, Servers In Use: 21, Servers NotIn Use: 0, WaitQueue size: 440
Request# 440, RequestDispatched: 100, RequestRejected: 0, Servers In Use: 21, Servers NotIn Use: 0, WaitQueue size: 441
Request# 441, RequestDispatched: 100, RequestRejected: 0, Servers In Use: 21, Servers NotIn Use: 0, WaitQueue size: 442
Request# 442, RequestDispatched: 100, RequestRejected: 0, Servers In Use: 21, Servers NotIn Use: 0, WaitQueue size: 443
Request# 443, RequestDispatched: 100, RequestRejected: 0, Servers In Use: 21, Servers NotIn Use: 0, WaitQueue size: 444
Request# 444, RequestDispatched: 100, RequestRejected: 0, Servers In Use: 21, Servers NotIn Use: 0, WaitQueue size: 445
Request# 445, RequestDispatched: 100, RequestRejected: 0, Servers In Use: 21, Servers NotIn Use: 0, WaitQueue size: 446
Request# 446, RequestDispatched: 100, RequestRejected: 0, Servers In Use: 21, Servers NotIn Use: 0, WaitQueue size: 447
Request# 447, RequestDispatched: 100, RequestRejected: 0, Servers In Use: 21, Servers NotIn Use: 0, WaitQueue size: 448
Request# 448, RequestDispatched: 100, RequestRejected: 0, Servers In Use: 21, Servers NotIn Use: 0, WaitQueue size: 449
Request# 449, RequestDispatched: 100, RequestRejected: 0, Servers In Use: 21, Servers NotIn Use: 0, WaitQueue size: 450
Request# 450, RequestDispatched: 100, RequestRejected: 0, Servers In Use: 21, Servers NotIn Use: 0, WaitQueue size: 451
Request# 451, RequestDispatched: 100, RequestRejected: 0, Servers In Use: 21, Servers NotIn Use: 0, WaitQueue size: 452
Request# 452, RequestDispatched: 100, RequestRejected: 0, Servers In Use: 21, Servers NotIn Use: 0, WaitQueue size: 453
Request# 453, RequestDispatched: 100, RequestRejected: 0, Servers In Use: 21, Servers NotIn Use: 0, WaitQueue size: 454
Request# 454, RequestDispatched: 100, RequestRejected: 0, Servers In Use: 21, Servers NotIn Use: 0, WaitQueue size: 455
Request# 455, RequestDispatched: 100, RequestRejected: 0, Servers In Use: 21, Servers NotIn Use: 0, WaitQueue size: 456
Request# 456, RequestDispatched: 100, RequestRejected: 0, Servers In Use: 21, Servers NotIn Use: 0, WaitQueue size: 457
Request# 457, RequestDispatched: 100, RequestRejected: 0, Servers In Use: 21, Servers NotIn Use: 0, WaitQueue size: 458
Request# 458, RequestDispatched: 100, RequestRejected: 0, Servers In Use: 21, Servers NotIn Use: 0, WaitQueue size: 459
Request# 459, RequestDispatched: 100, RequestRejected: 0, Servers In Use: 21, Servers NotIn Use: 0, WaitQueue size: 460
Request# 460, RequestDispatched: 100, RequestRejected: 0, Servers In Use: 21, Servers NotIn Use: 0, WaitQueue size: 461
Request# 461, RequestDispatched: 100, RequestRejected: 0, Servers In Use: 21, Servers NotIn Use: 0, WaitQueue size: 462
Request# 462, RequestDispatched: 100, RequestRejected: 0, Servers In Use: 21, Servers NotIn Use: 0, WaitQueue size: 463
Request# 463, RequestDispatched: 100, RequestRejected: 0, Servers In Use: 21, Servers NotIn Use: 0, WaitQueue size: 464
Request# 464, RequestDispatched: 100, RequestRejected: 0, Servers In Use: 21, Servers NotIn Use: 0, WaitQueue size: 465
Request# 465, RequestDispatched: 100, RequestRejected: 0, Servers In Use: 21, Servers NotIn Use: 0, WaitQueue size: 466
Request# 466, RequestDispatched: 100, RequestRejected: 0, Servers In Use: 21, Servers NotIn Use: 0, WaitQueue size: 467
Request# 467, RequestDispatched: 100, RequestRejected: 0, Servers In Use: 21, Servers NotIn Use: 0, WaitQueue size: 468
Request# 468, RequestDispatched: 100, RequestRejected: 0, Servers In Use: 21, Servers NotIn Use: 0, WaitQueue size: 469
Request# 469, RequestDispatched: 100, RequestRejected: 0, Servers In Use: 21, Servers NotIn Use: 0, WaitQueue size: 470
Request# 470, RequestDispatched: 100, RequestRejected: 0, Servers In Use: 21, Servers NotIn Use: 0, WaitQueue size: 471
Request# 471, RequestDispatched: 100, RequestRejected: 0, Servers In Use: 21, Servers NotIn Use: 0, WaitQueue size: 472
Request# 472, RequestDispatched: 100, RequestRejected: 0, Servers In Use: 21, Servers NotIn Use: 0, WaitQueue size: 473
Request# 473, RequestDispatched: 100, RequestRejected: 0, Servers In Use: 21, Servers NotIn Use: 0, WaitQueue size: 474
Request# 474, RequestDispatched: 100, RequestRejected: 0, Servers In Use: 21, Servers NotIn Use: 0, WaitQueue size: 475
Request# 475, RequestDispatched: 100, RequestRejected: 0, Servers In Use: 21, Servers NotIn Use: 0, WaitQueue size: 476
Request# 476, RequestDispatched: 100, RequestRejected: 0, Servers In Use: 21, Servers NotIn Use: 0, WaitQueue size: 477
Request# 477, RequestDispatched: 100, RequestRejected: 0, Servers In Use: 21, Servers NotIn Use: 0, WaitQueue size: 478
Request# 478, RequestDispatched: 100, RequestRejected: 0, Servers In Use: 21, Servers NotIn Use: 0, WaitQueue size: 479
Request# 479, RequestDispatched: 100, RequestRejected: 0, Servers In Use: 21, Servers NotIn Use: 0, WaitQueue size: 480
Request# 480, RequestDispatched: 100, RequestRejected: 0, Servers In Use: 21, Servers NotIn Use: 0, WaitQueue size: 481
Request# 481, RequestDispatched: 100, RequestRejected: 0, Servers In Use: 21, Servers NotIn Use: 0, WaitQueue size: 482
Request# 482, RequestDispatched: 100, RequestRejected: 0, Servers In Use: 21, Servers NotIn Use: 0, WaitQueue size: 483
Request# 483, RequestDispatched: 100, RequestRejected: 0, Servers In Use: 21, Servers NotIn Use: 0, WaitQueue size: 484
Request# 484, RequestDispatched: 100, RequestRejected: 0, Servers In Use: 21, Servers NotIn Use: 0, WaitQueue size: 485
Request# 485, RequestDispatched: 100, RequestRejected: 0, Servers In Use: 21, Servers NotIn Use: 0, WaitQueue size: 486
Request# 486, RequestDispatched: 100, RequestRejected: 0, Servers In Use: 21, Servers NotIn Use: 0, WaitQueue size: 487
Request# 487, RequestDispatched: 100, RequestRejected: 0, Servers In Use: 21, Servers NotIn Use: 0, WaitQueue size: 488
Request# 488, RequestDispatched: 100, RequestRejected: 0, Servers In Use: 21, Servers NotIn Use: 0, WaitQueue size: 489
Request# 489, RequestDispatched: 100, RequestRejected: 0, Servers In Use: 21, Servers NotIn Use: 0, WaitQueue size: 490
Request# 490, RequestDispatched: 100, RequestRejected: 0, Servers In Use: 21, Servers NotIn Use: 0, WaitQueue size: 491
Request# 491, RequestDispatched: 100, RequestRejected: 0, Servers In Use: 21, Servers NotIn Use: 0, WaitQueue size: 492
Request# 492, RequestDispatched: 100, RequestRejected: 0, Servers In Use: 21, Servers NotIn Use: 0, WaitQueue size: 493
Request# 493, RequestDispatched: 100, RequestRejected: 0, Servers In Use: 21, Servers NotIn Use: 0, WaitQueue size: 494
Request# 494, RequestDispatched: 100, RequestRejected: 0, Servers In Use: 21, Servers NotIn Use: 0, WaitQueue size: 495
Request# 495, RequestDispatched: 100, RequestRejected: 0, Servers In Use: 21, Servers NotIn Use: 0, WaitQueue size: 496
Request# 496, RequestDispatched: 100, RequestRejected: 0, Servers In Use: 21, Servers NotIn Use: 0, WaitQueue size: 497
Request# 497, RequestDispatched: 100, RequestRejected: 0, Servers In Use: 21, Servers NotIn Use: 0, WaitQueue size: 498
Request# 498, RequestDispatched: 100, RequestRejected: 0, Servers In Use: 21, Servers NotIn Use: 0, WaitQueue size: 499
Request# 499, RequestDispatched: 100, RequestRejected: 0, Servers In Use: 21, Servers NotIn Use: 0, WaitQueue size: 500
Request# 500, RequestDispatched: 100, RequestRejected: 0, Servers In Use: 21, Servers NotIn Use: 0, WaitQueue size: 501
Request# 501, RequestDispatched: 100, RequestRejected: 0, Servers In Use: 21, Servers NotIn Use: 0, WaitQueue size: 502
Request# 502, RequestDispatched: 100, RequestRejected: 0, Servers In Use: 21, Servers NotIn Use: 0, WaitQueue size: 503
Request# 503, RequestDispatched: 100, RequestRejected: 0, Servers In Use: 21, Servers NotIn Use: 0, WaitQueue size: 504
Request# 504, RequestDispatched: 100, RequestRejected: 0, Servers In Use: 21, Servers NotIn Use: 0, WaitQueue size: 505
Request# 505, RequestDispatched: 100, RequestRejected: 0, Servers In Use: 21, Servers NotIn Use: 0, WaitQueue size: 506
Request# 506, RequestDispatched: 100, RequestRejected: 0, Servers In Use: 21, Servers NotIn Use: 0, WaitQueue size: 507
Request# 507, RequestDispatched: 100, RequestRejected: 0, Servers In Use: 21, Servers NotIn Use: 0, WaitQueue size: 508
Request# 508, RequestDispatched: 100, RequestRejected: 0, Servers In Use: 21, Servers NotIn Use: 0, WaitQueue size: 509
Request# 509, RequestDispatched: 100, RequestRejected: 0, Servers In Use: 21, Servers NotIn Use: 0, WaitQueue size: 510
Request# 510, RequestDispatched: 100, RequestRejected: 0, Servers In Use: 21, Servers NotIn Use: 0, WaitQueue size: 511
Request# 511, RequestDispatched: 100, RequestRejected: 0, Servers In Use: 21, Servers NotIn Use: 0, WaitQueue size: 512
Request# 512, RequestDispatched: 100, RequestRejected: 0, Servers In Use: 21, Servers NotIn Use: 0, WaitQueue size: 513
Request# 513, RequestDispatched: 100, RequestRejected: 0, Servers In Use: 21, Servers NotIn Use: 0, WaitQueue size: 514
Request# 514, RequestDispatched: 100, RequestRejected: 0, Servers In Use: 21, Servers NotIn Use: 0, WaitQueue size: 515
Request# 515, RequestDispatched: 100, RequestRejected: 0, Servers In Use: 21, Servers NotIn Use: 0, WaitQueue size: 516
Request# 516, RequestDispatched: 100, RequestRejected: 0, Servers In Use: 21, Servers NotIn Use: 0, WaitQueue size: 517
Request# 517, RequestDispatched: 100, RequestRejected: 0, Servers In Use: 21, Servers NotIn Use: 0, WaitQueue size: 518
Request# 518, RequestDispatched: 100, RequestRejected: 0, Servers In Use: 21, Servers NotIn Use: 0, WaitQueue size: 519
Request# 519, RequestDispatched: 100, RequestRejected: 0, Servers In Use: 21, Servers NotIn Use: 0, WaitQueue size: 520
Request# 520, RequestDispatched: 100, RequestRejected: 0, Servers In Use: 21, Servers NotIn Use: 0, WaitQueue size: 521
Request# 521, RequestDispatched: 100, RequestRejected: 0, Servers In Use: 21, Servers NotIn Use: 0, WaitQueue size: 522
Request# 522, RequestDispatched: 100, RequestRejected: 0, Servers In Use: 21, Servers NotIn Use: 0, WaitQueue size: 523
Request# 523, RequestDispatched: 100, RequestRejected: 0, Servers In Use: 21, Servers NotIn Use: 0, WaitQueue size: 524
Request# 524, RequestDispatched: 100, RequestRejected: 0, Servers In Use: 21, Servers NotIn Use: 0, WaitQueue size: 525
Request# 525, RequestDispatched: 100, RequestRejected: 0, Servers In Use: 21, Servers NotIn Use: 0, WaitQueue size: 526
Request# 526, RequestDispatched: 100, RequestRejected: 0, Servers In Use: 21, Servers NotIn Use: 0, WaitQueue size: 527
Request# 527, RequestDispatched: 100, RequestRejected: 0, Servers In Use: 21, Servers NotIn Use: 0, WaitQueue size: 528
Request# 528, RequestDispatched: 100, RequestRejected: 0, Servers In Use: 21, Servers NotIn Use: 0, WaitQueue size: 529
Request# 529, RequestDispatched: 100, RequestRejected: 0, Servers In Use: 21, Servers NotIn Use: 0, WaitQueue size: 530
Request# 530, RequestDispatched: 100, RequestRejected: 0, Servers In Use: 21, Servers NotIn Use: 0, WaitQueue size: 531
Request# 531, RequestDispatched: 100, RequestRejected: 0, Servers In Use: 21, Servers NotIn Use: 0, WaitQueue size: 532
Request# 532, RequestDispatched: 100, RequestRejected: 0, Servers In Use: 21, Servers NotIn Use: 0, WaitQueue size: 533
Request# 533, RequestDispatched: 100, RequestRejected: 0, Servers In Use: 21, Servers NotIn Use: 0, WaitQueue size: 534
Request# 534, RequestDispatched: 100, RequestRejected: 0, Servers In Use: 21, Servers NotIn Use: 0, WaitQueue size: 535
Request# 535, RequestDispatched: 100, RequestRejected: 0, Servers In Use: 21, Servers NotIn Use: 0, WaitQueue size: 536
Request# 536, RequestDispatched: 100, RequestRejected: 0, Servers In Use: 21, Servers NotIn Use: 0, WaitQueue size: 537
Request# 537, RequestDispatched: 100, RequestRejected: 0, Servers In Use: 21, Servers NotIn Use: 0, WaitQueue size: 538
Request# 538, RequestDispatched: 100, RequestRejected: 0, Servers In Use: 21, Servers NotIn Use: 0, WaitQueue size: 539
Request# 539, RequestDispatched: 100, RequestRejected: 0, Servers In Use: 21, Servers NotIn Use: 0, WaitQueue size: 540
Request# 540, RequestDispatched: 100, RequestRejected: 0, Servers In Use: 21, Servers NotIn Use: 0, WaitQueue size: 541
Request# 541, RequestDispatched: 100, RequestRejected: 0, Servers In Use: 21, Servers NotIn Use: 0, WaitQueue size: 542
Request# 542, RequestDispatched: 100, RequestRejected: 0, Servers In Use: 21, Servers NotIn Use: 0, WaitQueue size: 543
Request# 543, RequestDispatched: 100, RequestRejected: 0, Servers In Use: 21, Servers NotIn Use: 0, WaitQueue size: 544
Request# 544, RequestDispatched: 100, RequestRejected: 0, Servers In Use: 21, Servers NotIn Use: 0, WaitQueue size: 545
Request# 545, RequestDispatched: 100, RequestRejected: 0, Servers In Use: 21, Servers NotIn Use: 0, WaitQueue size: 546
Request# 546, RequestDispatched: 100, RequestRejected: 0, Servers In Use: 21, Servers NotIn Use: 0, WaitQueue size: 547
Request# 547, RequestDispatched: 100, RequestRejected: 0, Servers In Use: 21, Servers NotIn Use: 0, WaitQueue size: 548
Request# 548, RequestDispatched: 100, RequestRejected: 0, Servers In Use: 21, Servers NotIn Use: 0, WaitQueue size: 549
Request# 549, RequestDispatched: 100, RequestRejected: 0, Servers In Use: 21, Servers NotIn Use: 0, WaitQueue size: 550
Request# 550, RequestDispatched: 100, RequestRejected: 0, Servers In Use: 21, Servers NotIn Use: 0, WaitQueue size: 551
Request# 551, RequestDispatched: 100, RequestRejected: 0, Servers In Use: 21, Servers NotIn Use: 0, WaitQueue size: 552
Request# 552, RequestDispatched: 100, RequestRejected: 0, Servers In Use: 21, Servers NotIn Use: 0, WaitQueue size: 553
Request# 553, RequestDispatched: 100, RequestRejected: 0, Servers In Use: 21, Servers NotIn Use: 0, WaitQueue size: 554
Request# 554, RequestDispatched: 100, RequestRejected: 0, Servers In Use: 21, Servers NotIn Use: 0, WaitQueue size: 555
Request# 555, RequestDispatched: 100, RequestRejected: 0, Servers In Use: 21, Servers NotIn Use: 0, WaitQueue size: 556
Request# 556, RequestDispatched: 100, RequestRejected: 0, Servers In Use: 21, Servers NotIn Use: 0, WaitQueue size: 557
Request# 557, RequestDispatched: 100, RequestRejected: 0, Servers In Use: 21, Servers NotIn Use: 0, WaitQueue size: 558
Request# 558, RequestDispatched: 100, RequestRejected: 0, Servers In Use: 21, Servers NotIn Use: 0, WaitQueue size: 559
Request# 559, RequestDispatched: 100, RequestRejected: 0, Servers In Use: 21, Servers NotIn Use: 0, WaitQueue size: 560
Request# 560, RequestDispatched: 100, RequestRejected: 0, Servers In Use: 21, Servers NotIn Use: 0, WaitQueue size: 561
Request# 561, RequestDispatched: 100, RequestRejected: 0, Servers In Use: 21, Servers NotIn Use: 0, WaitQueue size: 562
Request# 562, RequestDispatched: 100, RequestRejected: 0, Servers In Use: 21, Servers NotIn Use: 0, WaitQueue size: 563
Request# 563, RequestDispatched: 100, RequestRejected: 0, Servers In Use: 21, Servers NotIn Use: 0, WaitQueue size: 564
Request# 564, RequestDispatched: 100, RequestRejected: 0, Servers In Use: 21, Servers NotIn Use: 0, WaitQueue size: 565
Request# 565, RequestDispatched: 100, RequestRejected: 0, Servers In Use: 21, Servers NotIn Use: 0, WaitQueue size: 566
Request# 566, RequestDispatched: 100, RequestRejected: 0, Servers In Use: 21, Servers NotIn Use: 0, WaitQueue size: 567
Request# 567, RequestDispatched: 100, RequestRejected: 0, Servers In Use: 21, Servers NotIn Use: 0, WaitQueue size: 568
Request# 568, RequestDispatched: 100, RequestRejected: 0, Servers In Use: 21, Servers NotIn Use: 0, WaitQueue size: 569
Request# 569, RequestDispatched: 100, RequestRejected: 0, Servers In Use: 21, Servers NotIn Use: 0, WaitQueue size: 570
Request# 570, RequestDispatched: 100, RequestRejected: 0, Servers In Use: 21, Servers NotIn Use: 0, WaitQueue size: 571
Request# 571, RequestDispatched: 100, RequestRejected: 0, Servers In Use: 21, Servers NotIn Use: 0, WaitQueue size: 572
Request# 572, RequestDispatched: 100, RequestRejected: 0, Servers In Use: 21, Servers NotIn Use: 0, WaitQueue size: 573
Request# 573, RequestDispatched: 100, RequestRejected: 0, Servers In Use: 21, Servers NotIn Use: 0, WaitQueue size: 574
Request# 574, RequestDispatched: 100, RequestRejected: 0, Servers In Use: 21, Servers NotIn Use: 0, WaitQueue size: 575
Request# 575, RequestDispatched: 100, RequestRejected: 0, Servers In Use: 21, Servers NotIn Use: 0, WaitQueue size: 576
Request# 576, RequestDispatched: 100, RequestRejected: 0, Servers In Use: 21, Servers NotIn Use: 0, WaitQueue size: 577
Request# 577, RequestDispatched: 100, RequestRejected: 0, Servers In Use: 21, Servers NotIn Use: 0, WaitQueue size: 578
Request# 578, RequestDispatched: 100, RequestRejected: 0, Servers In Use: 21, Servers NotIn Use: 0, WaitQueue size: 579
Request# 579, RequestDispatched: 100, RequestRejected: 0, Servers In Use: 21, Servers NotIn Use: 0, WaitQueue size: 580
Request# 580, RequestDispatched: 100, RequestRejected: 0, Servers In Use: 21, Servers NotIn Use: 0, WaitQueue size: 581
Request# 581, RequestDispatched: 100, RequestRejected: 0, Servers In Use: 21, Servers NotIn Use: 0, WaitQueue size: 582
Request# 582, RequestDispatched: 100, RequestRejected: 0, Servers In Use: 21, Servers NotIn Use: 0, WaitQueue size: 583
Request# 583, RequestDispatched: 100, RequestRejected: 0, Servers In Use: 21, Servers NotIn Use: 0, WaitQueue size: 584
Request# 584, RequestDispatched: 100, RequestRejected: 0, Servers In Use: 21, Servers NotIn Use: 0, WaitQueue size: 585
Request# 585, RequestDispatched: 100, RequestRejected: 0, Servers In Use: 21, Servers NotIn Use: 0, WaitQueue size: 586
Request# 586, RequestDispatched: 100, RequestRejected: 0, Servers In Use: 21, Servers NotIn Use: 0, WaitQueue size: 587
Request# 587, RequestDispatched: 100, RequestRejected: 0, Servers In Use: 21, Servers NotIn Use: 0, WaitQueue size: 588
Request# 588, RequestDispatched: 100, RequestRejected: 0, Servers In Use: 21, Servers NotIn Use: 0, WaitQueue size: 589
Request# 589, RequestDispatched: 100, RequestRejected: 0, Servers In Use: 21, Servers NotIn Use: 0, WaitQueue size: 590
Request# 590, RequestDispatched: 100, RequestRejected: 0, Servers In Use: 21, Servers NotIn Use: 0, WaitQueue size: 591
Request# 591, RequestDispatched: 100, RequestRejected: 0, Servers In Use: 21, Servers NotIn Use: 0, WaitQueue size: 592
Request# 592, RequestDispatched: 100, RequestRejected: 0, Servers In Use: 21, Servers NotIn Use: 0, WaitQueue size: 593
Request# 593, RequestDispatched: 100, RequestRejected: 0, Servers In Use: 21, Servers NotIn Use: 0, WaitQueue size: 594
Request# 594, RequestDispatched: 100, RequestRejected: 0, Servers In Use: 21, Servers NotIn Use: 0, WaitQueue size: 595
Request# 595, RequestDispatched: 100, RequestRejected: 0, Servers In Use: 21, Servers NotIn Use: 0, WaitQueue size: 596
Request# 596, RequestDispatched: 100, RequestRejected: 0, Servers In Use: 21, Servers NotIn Use: 0, WaitQueue size: 597
Request# 597, RequestDispatched: 100, RequestRejected: 0, Servers In Use: 21, Servers NotIn Use: 0, WaitQueue size: 598
Request# 598, RequestDispatched: 100, RequestRejected: 0, Servers In Use: 21, Servers NotIn Use: 0, WaitQueue size: 599
Request# 599, RequestDispatched: 100, RequestRejected: 0, Servers In Use: 21, Servers NotIn Use: 0, WaitQueue size: 600
Request# 600, RequestDispatched: 100, RequestRejected: 0, Servers In Use: 21, Servers NotIn Use: 0, WaitQueue size: 601
Request# 601, RequestDispatched: 100, RequestRejected: 0, Servers In Use: 21, Servers NotIn Use: 0, WaitQueue size: 602
Request# 602, RequestDispatched: 100, RequestRejected: 0, Servers In Use: 21, Servers NotIn Use: 0, WaitQueue size: 603
Request# 603, RequestDispatched: 100, RequestRejected: 0, Servers In Use: 21, Servers NotIn Use: 0, WaitQueue size: 604
Request# 604, RequestDispatched: 100, RequestRejected: 0, Servers In Use: 21, Servers NotIn Use: 0, WaitQueue size: 605
Request# 605, RequestDispatched: 100, RequestRejected: 0, Servers In Use: 21, Servers NotIn Use: 0, WaitQueue size: 606
Request# 606, RequestDispatched: 100, RequestRejected: 0, Servers In Use: 21, Servers NotIn Use: 0, WaitQueue size: 607
Request# 607, RequestDispatched: 100, RequestRejected: 0, Servers In Use: 21, Servers NotIn Use: 0, WaitQueue size: 608
Request# 608, RequestDispatched: 100, RequestRejected: 0, Servers In Use: 21, Servers NotIn Use: 0, WaitQueue size: 609
Request# 609, RequestDispatched: 100, RequestRejected: 0, Servers In Use: 21, Servers NotIn Use: 0, WaitQueue size: 610
Request# 610, RequestDispatched: 100, RequestRejected: 0, Servers In Use: 21, Servers NotIn Use: 0, WaitQueue size: 611
Request# 611, RequestDispatched: 100, RequestRejected: 0, Servers In Use: 21, Servers NotIn Use: 0, WaitQueue size: 612
Request# 612, RequestDispatched: 100, RequestRejected: 0, Servers In Use: 21, Servers NotIn Use: 0, WaitQueue size: 613
Request# 613, RequestDispatched: 100, RequestRejected: 0, Servers In Use: 21, Servers NotIn Use: 0, WaitQueue size: 614
Request# 614, RequestDispatched: 100, RequestRejected: 0, Servers In Use: 21, Servers NotIn Use: 0, WaitQueue size: 615
Request# 615, RequestDispatched: 100, RequestRejected: 0, Servers In Use: 21, Servers NotIn Use: 0, WaitQueue size: 616
Request# 616, RequestDispatched: 100, RequestRejected: 0, Servers In Use: 21, Servers NotIn Use: 0, WaitQueue size: 617
Request# 617, RequestDispatched: 100, RequestRejected: 0, Servers In Use: 21, Servers NotIn Use: 0, WaitQueue size: 618
Request# 618, RequestDispatched: 100, RequestRejected: 0, Servers In Use: 21, Servers NotIn Use: 0, WaitQueue size: 619
Request# 619, RequestDispatched: 100, RequestRejected: 0, Servers In Use: 21, Servers NotIn Use: 0, WaitQueue size: 620
Request# 620, RequestDispatched: 100, RequestRejected: 0, Servers In Use: 21, Servers NotIn Use: 0, WaitQueue size: 621
Request# 621, RequestDispatched: 100, RequestRejected: 0, Servers In Use: 21, Servers NotIn Use: 0, WaitQueue size: 622
Request# 622, RequestDispatched: 100, RequestRejected: 0, Servers In Use: 21, Servers NotIn Use: 0, WaitQueue size: 623
Request# 623, RequestDispatched: 100, RequestRejected: 0, Servers In Use: 21, Servers NotIn Use: 0, WaitQueue size: 624
Request# 624, RequestDispatched: 100, RequestRejected: 0, Servers In Use: 21, Servers NotIn Use: 0, WaitQueue size: 625
Request# 625, RequestDispatched: 100, RequestRejected: 0, Servers In Use: 21, Servers NotIn Use: 0, WaitQueue size: 626
Request# 626, RequestDispatched: 100, RequestRejected: 0, Servers In Use: 21, Servers NotIn Use: 0, WaitQueue size: 627
Request# 627, RequestDispatched: 100, RequestRejected: 0, Servers In Use: 21, Servers NotIn Use: 0, WaitQueue size: 628
Request# 628, RequestDispatched: 100, RequestRejected: 0, Servers In Use: 21, Servers NotIn Use: 0, WaitQueue size: 629
Request# 629, RequestDispatched: 100, RequestRejected: 0, Servers In Use: 21, Servers NotIn Use: 0, WaitQueue size: 630
Request# 630, RequestDispatched: 100, RequestRejected: 0, Servers In Use: 21, Servers NotIn Use: 0, WaitQueue size: 631
Request# 631, RequestDispatched: 100, RequestRejected: 0, Servers In Use: 21, Servers NotIn Use: 0, WaitQueue size: 632
Request# 632, RequestDispatched: 100, RequestRejected: 0, Servers In Use: 21, Servers NotIn Use: 0, WaitQueue size: 633
Request# 633, RequestDispatched: 100, RequestRejected: 0, Servers In Use: 21, Servers NotIn Use: 0, WaitQueue size: 634
Request# 634, RequestDispatched: 100, RequestRejected: 0, Servers In Use: 21, Servers NotIn Use: 0, WaitQueue size: 635
Request# 635, RequestDispatched: 100, RequestRejected: 0, Servers In Use: 21, Servers NotIn Use: 0, WaitQueue size: 636
Request# 636, RequestDispatched: 100, RequestRejected: 0, Servers In Use: 21, Servers NotIn Use: 0, WaitQueue size: 637
Request# 637, RequestDispatched: 100, RequestRejected: 0, Servers In Use: 21, Servers NotIn Use: 0, WaitQueue size: 638
Request# 638, RequestDispatched: 100, RequestRejected: 0, Servers In Use: 21, Servers NotIn Use: 0, WaitQueue size: 639
Request# 639, RequestDispatched: 100, RequestRejected: 0, Servers In Use: 21, Servers NotIn Use: 0, WaitQueue size: 640
Request# 640, RequestDispatched: 100, RequestRejected: 0, Servers In Use: 21, Servers NotIn Use: 0, WaitQueue size: 641
Request# 641, RequestDispatched: 100, RequestRejected: 0, Servers In Use: 21, Servers NotIn Use: 0, WaitQueue size: 642
Request# 642, RequestDispatched: 100, RequestRejected: 0, Servers In Use: 21, Servers NotIn Use: 0, WaitQueue size: 643
[...]
Request# 835, RequestDispatched: 100, RequestRejected: 0, Servers In Use: 21, Servers NotIn Use: 0, WaitQueue size: 836
Request# 836, RequestDispatched: 100, RequestRejected: 0, Servers In Use: 21, Servers NotIn Use: 0, WaitQueue size: 837
Request# 837, RequestDispatched: 100, RequestRejected: 0, Servers In Use: 21, Servers NotIn Use: 0, WaitQueue size: 838
Request# 838, RequestDispatched: 100, RequestRejected: 0, Servers In Use: 21, Servers NotIn Use: 0, WaitQueue size: 839
Request# 839, RequestDispatched: 100, RequestRejected: 0, Servers In Use: 21, Servers NotIn Use: 0, WaitQueue size: 840
Request# 840, RequestDispatched: 100, RequestRejected: 0, Servers In Use: 21, Servers NotIn Use: 0, WaitQueue size: 841
Request# 841, RequestDispatched: 100, RequestRejected: 0, Servers In Use: 21, Servers NotIn Use: 0, WaitQueue size: 842
Request# 842, RequestDispatched: 100, RequestRejected: 0, Servers In Use: 21, Servers NotIn Use: 0, WaitQueue size: 843
Request# 843, RequestDispatched: 100, RequestRejected: 0, Servers In Use: 21, Servers NotIn Use: 0, WaitQueue size: 844
Request# 844, RequestDispatched: 100, RequestRejected: 0, Servers In Use: 21, Servers NotIn Use: 0, WaitQueue size: 845
Request# 845, RequestDispatched: 100, RequestRejected: 0, Servers In Use: 21, Servers NotIn Use: 0, WaitQueue size: 846
Request# 846, RequestDispatched: 100, RequestRejected: 0, Servers In Use: 21, Servers NotIn Use: 0, WaitQueue size: 847
Request# 847, RequestDispatched: 100, RequestRejected: 0, Servers In Use: 21, Servers NotIn Use: 0, WaitQueue size: 848
Request# 848, RequestDispatched: 100, RequestRejected: 0, Servers In Use: 21, Servers NotIn Use: 0, WaitQueue size: 849
Request# 849, RequestDispatched: 100, RequestRejected: 0, Servers In Use: 21, Servers NotIn Use: 0, WaitQueue size: 850
Request# 850, RequestDispatched: 100, RequestRejected: 0, Servers In Use: 21, Servers NotIn Use: 0, WaitQueue size: 851
Request# 851, RequestDispatched: 100, RequestRejected: 0, Servers In Use: 21, Servers NotIn Use: 0, WaitQueue size: 852
Request# 852, RequestDispatched: 100, RequestRejected: 0, Servers In Use: 21, Servers NotIn Use: 0, WaitQueue size: 853
Request# 853, RequestDispatched: 100, RequestRejected: 0, Servers In Use: 21, Servers NotIn Use: 0, WaitQueue size: 854
Request# 854, RequestDispatched: 100, RequestRejected: 0, Servers In Use: 21, Servers NotIn Use: 0, WaitQueue size: 855
Request# 855, RequestDispatched: 100, RequestRejected: 0, Servers In Use: 21, Servers NotIn Use: 0, WaitQueue size: 856
Request# 856, RequestDispatched: 100, RequestRejected: 0, Servers In Use: 21, Servers NotIn Use: 0, WaitQueue size: 857
Request# 857, RequestDispatched: 100, RequestRejected: 0, Servers In Use: 21, Servers NotIn Use: 0, WaitQueue size: 858
Request# 858, RequestDispatched: 100, RequestRejected: 0, Servers In Use: 21, Servers NotIn Use: 0, WaitQueue size: 859
Request# 859, RequestDispatched: 100, RequestRejected: 0, Servers In Use: 21, Servers NotIn Use: 0, WaitQueue size: 860
Request# 860, RequestDispatched: 100, RequestRejected: 0, Servers In Use: 21, Servers NotIn Use: 0, WaitQueue size: 861
Request# 861, RequestDispatched: 100, RequestRejected: 0, Servers In Use: 21, Servers NotIn Use: 0, WaitQueue size: 862
Request# 862, RequestDispatched: 100, RequestRejected: 0, Servers In Use: 21, Servers NotIn Use: 0, WaitQueue size: 863
Request# 863, RequestDispatched: 100, RequestRejected: 0, Servers In Use: 21, Servers NotIn Use: 0, WaitQueue size: 864
Request# 864, RequestDispatched: 100, RequestRejected: 0, Servers In Use: 21, Servers NotIn Use: 0, WaitQueue size: 865
Request# 865, RequestDispatched: 100, RequestRejected: 0, Servers In Use: 21, Servers NotIn Use: 0, WaitQueue size: 866
Request# 866, RequestDispatched: 100, RequestRejected: 0, Servers In Use: 21, Servers NotIn Use: 0, WaitQueue size: 867
Request# 867, RequestDispatched: 100, RequestRejected: 0, Servers In Use: 21, Servers NotIn Use: 0, WaitQueue size: 868
Request# 868, RequestDispatched: 100, RequestRejected: 0, Servers In Use: 21, Servers NotIn Use: 0, WaitQueue size: 869
Request# 869, RequestDispatched: 100, RequestRejected: 0, Servers In Use: 21, Servers NotIn Use: 0, WaitQueue size: 870
Request# 870, RequestDispatched: 100, RequestRejected: 0, Servers In Use: 21, Servers NotIn Use: 0, WaitQueue size: 871
Request# 871, RequestDispatched: 100, RequestRejected: 0, Servers In Use: 21, Servers NotIn Use: 0, WaitQueue size: 872
Request# 872, RequestDispatched: 100, RequestRejected: 0, Servers In Use: 21, Servers NotIn Use: 0, WaitQueue size: 873
Request# 873, RequestDispatched: 100, RequestRejected: 0, Servers In Use: 21, Servers NotIn Use: 0, WaitQueue size: 874
Request# 874, RequestDispatched: 100, RequestRejected: 0, Servers In Use: 21, Servers NotIn Use: 0, WaitQueue size: 875
Request# 875, RequestDispatched: 100, RequestRejected: 0, Servers In Use: 21, Servers NotIn Use: 0, WaitQueue size: 876
Request# 876, RequestDispatched: 100, RequestRejected: 0, Servers In Use: 21, Servers NotIn Use: 0, WaitQueue size: 877
Request# 877, RequestDispatched: 100, RequestRejected: 0, Servers In Use: 21, Servers NotIn Use: 0, WaitQueue size: 878
Request# 878, RequestDispatched: 100, RequestRejected: 0, Servers In Use: 21, Servers NotIn Use: 0, WaitQueue size: 879
Request# 879, RequestDispatched: 100, RequestRejected: 0, Servers In Use: 21, Servers NotIn Use: 0, WaitQueue size: 880
Request# 880, RequestDispatched: 100, RequestRejected: 0, Servers In Use: 21, Servers NotIn Use: 0, WaitQueue size: 881
Request# 881, RequestDispatched: 100, RequestRejected: 0, Servers In Use: 21, Servers NotIn Use: 0, WaitQueue size: 882
Request# 882, RequestDispatched: 100, RequestRejected: 0, Servers In Use: 21, Servers NotIn Use: 0, WaitQueue size: 883
Request# 883, RequestDispatched: 100, RequestRejected: 0, Servers In Use: 21, Servers NotIn Use: 0, WaitQueue size: 884
Request# 884, RequestDispatched: 100, RequestRejected: 0, Servers In Use: 21, Servers NotIn Use: 0, WaitQueue size: 885
Request# 885, RequestDispatched: 100, RequestRejected: 0, Servers In Use: 21, Servers NotIn Use: 0, WaitQueue size: 886
Request# 886, RequestDispatched: 100, RequestRejected: 0, Servers In Use: 21, Servers NotIn Use: 0, WaitQueue size: 887
Request# 887, RequestDispatched: 100, RequestRejected: 0, Servers In Use: 21, Servers NotIn Use: 0, WaitQueue size: 888
Request# 888, RequestDispatched: 100, RequestRejected: 0, Servers In Use: 21, Servers NotIn Use: 0, WaitQueue size: 889
Request# 889, RequestDispatched: 100, RequestRejected: 0, Servers In Use: 21, Servers NotIn Use: 0, WaitQueue size: 890
Request# 890, RequestDispatched: 100, RequestRejected: 0, Servers In Use: 21, Servers NotIn Use: 0, WaitQueue size: 891
Request# 891, RequestDispatched: 100, RequestRejected: 0, Servers In Use: 21, Servers NotIn Use: 0, WaitQueue size: 892
Request# 892, RequestDispatched: 100, RequestRejected: 0, Servers In Use: 21, Servers NotIn Use: 0, WaitQueue size: 893
Request# 893, RequestDispatched: 100, RequestRejected: 0, Servers In Use: 21, Servers NotIn Use: 0, WaitQueue size: 894
Request# 894, RequestDispatched: 100, RequestRejected: 0, Servers In Use: 21, Servers NotIn Use: 0, WaitQueue size: 895
Request# 895, RequestDispatched: 100, RequestRejected: 0, Servers In Use: 21, Servers NotIn Use: 0, WaitQueue size: 896
Request# 896, RequestDispatched: 100, RequestRejected: 0, Servers In Use: 21, Servers NotIn Use: 0, WaitQueue size: 897
Request# 897, RequestDispatched: 100, RequestRejected: 0, Servers In Use: 21, Servers NotIn Use: 0, WaitQueue size: 898
Request# 898, RequestDispatched: 100, RequestRejected: 0, Servers In Use: 21, Servers NotIn Use: 0, WaitQueue size: 899
Request# 899, RequestDispatched: 100, RequestRejected: 0, Servers In Use: 21, Servers NotIn Use: 0, WaitQueue size: 900
Request# 900, RequestDispatched: 100, RequestRejected: 0, Servers In Use: 21, Servers NotIn Use: 0, WaitQueue size: 901
Request# 901, RequestDispatched: 100, RequestRejected: 0, Servers In Use: 21, Servers NotIn Use: 0, WaitQueue size: 902
Request# 902, RequestDispatched: 100, RequestRejected: 0, Servers In Use: 21, Servers NotIn Use: 0, WaitQueue size: 903
Request# 903, RequestDispatched: 100, RequestRejected: 0, Servers In Use: 21, Servers NotIn Use: 0, WaitQueue size: 904
Request# 904, RequestDispatched: 100, RequestRejected: 0, Servers In Use: 21, Servers NotIn Use: 0, WaitQueue size: 905
Request# 905, RequestDispatched: 100, RequestRejected: 0, Servers In Use: 21, Servers NotIn Use: 0, WaitQueue size: 906
Request# 906, RequestDispatched: 100, RequestRejected: 0, Servers In Use: 21, Servers NotIn Use: 0, WaitQueue size: 907
Request# 907, RequestDispatched: 100, RequestRejected: 0, Servers In Use: 21, Servers NotIn Use: 0, WaitQueue size: 908
Request# 908, RequestDispatched: 100, RequestRejected: 0, Servers In Use: 21, Servers NotIn Use: 0, WaitQueue size: 909
Request# 909, RequestDispatched: 100, RequestRejected: 0, Servers In Use: 21, Servers NotIn Use: 0, WaitQueue size: 910
Request# 910, RequestDispatched: 100, RequestRejected: 0, Servers In Use: 21, Servers NotIn Use: 0, WaitQueue size: 911
Request# 911, RequestDispatched: 100, RequestRejected: 0, Servers In Use: 21, Servers NotIn Use: 0, WaitQueue size: 912
Request# 912, RequestDispatched: 100, RequestRejected: 0, Servers In Use: 21, Servers NotIn Use: 0, WaitQueue size: 913
Request# 913, RequestDispatched: 100, RequestRejected: 0, Servers In Use: 21, Servers NotIn Use: 0, WaitQueue size: 914
Request# 914, RequestDispatched: 100, RequestRejected: 0, Servers In Use: 21, Servers NotIn Use: 0, WaitQueue size: 915
Request# 915, RequestDispatched: 100, RequestRejected: 0, Servers In Use: 21, Servers NotIn Use: 0, WaitQueue size: 916
Request# 916, RequestDispatched: 100, RequestRejected: 0, Servers In Use: 21, Servers NotIn Use: 0, WaitQueue size: 917
Request# 917, RequestDispatched: 100, RequestRejected: 0, Servers In Use: 21, Servers NotIn Use: 0, WaitQueue size: 918
Request# 918, RequestDispatched: 100, RequestRejected: 0, Servers In Use: 21, Servers NotIn Use: 0, WaitQueue size: 919
Request# 919, RequestDispatched: 100, RequestRejected: 0, Servers In Use: 21, Servers NotIn Use: 0, WaitQueue size: 920
Request# 920, RequestDispatched: 100, RequestRejected: 0, Servers In Use: 21, Servers NotIn Use: 0, WaitQueue size: 921
Request# 921, RequestDispatched: 100, RequestRejected: 0, Servers In Use: 21, Servers NotIn Use: 0, WaitQueue size: 922
Request# 922, RequestDispatched: 100, RequestRejected: 0, Servers In Use: 21, Servers NotIn Use: 0, WaitQueue size: 923
Request# 923, RequestDispatched: 100, RequestRejected: 0, Servers In Use: 21, Servers NotIn Use: 0, WaitQueue size: 924
Request# 924, RequestDispatched: 100, RequestRejected: 0, Servers In Use: 21, Servers NotIn Use: 0, WaitQueue size: 925
Request# 925, RequestDispatched: 100, RequestRejected: 0, Servers In Use: 21, Servers NotIn Use: 0, WaitQueue size: 926
Request# 926, RequestDispatched: 100, RequestRejected: 0, Servers In Use: 21, Servers NotIn Use: 0, WaitQueue size: 927
Request# 927, RequestDispatched: 100, RequestRejected: 0, Servers In Use: 21, Servers NotIn Use: 0, WaitQueue size: 928
Request# 928, RequestDispatched: 100, RequestRejected: 0, Servers In Use: 21, Servers NotIn Use: 0, WaitQueue size: 929
Request# 929, RequestDispatched: 100, RequestRejected: 0, Servers In Use: 21, Servers NotIn Use: 0, WaitQueue size: 930
Request# 930, RequestDispatched: 100, RequestRejected: 0, Servers In Use: 21, Servers NotIn Use: 0, WaitQueue size: 931
Request# 931, RequestDispatched: 100, RequestRejected: 0, Servers In Use: 21, Servers NotIn Use: 0, WaitQueue size: 932
Request# 932, RequestDispatched: 100, RequestRejected: 0, Servers In Use: 21, Servers NotIn Use: 0, WaitQueue size: 933
Request# 933, RequestDispatched: 100, RequestRejected: 0, Servers In Use: 21, Servers NotIn Use: 0, WaitQueue size: 934
Request# 934, RequestDispatched: 100, RequestRejected: 0, Servers In Use: 21, Servers NotIn Use: 0, WaitQueue size: 935
Request# 935, RequestDispatched: 100, RequestRejected: 0, Servers In Use: 21, Servers NotIn Use: 0, WaitQueue size: 936
Request# 936, RequestDispatched: 100, RequestRejected: 0, Servers In Use: 21, Servers NotIn Use: 0, WaitQueue size: 937
Request# 937, RequestDispatched: 100, RequestRejected: 0, Servers In Use: 21, Servers NotIn Use: 0, WaitQueue size: 938
Request# 938, RequestDispatched: 100, RequestRejected: 0, Servers In Use: 21, Servers NotIn Use: 0, WaitQueue size: 939
Request# 939, RequestDispatched: 100, RequestRejected: 0, Servers In Use: 21, Servers NotIn Use: 0, WaitQueue size: 940
Request# 940, RequestDispatched: 100, RequestRejected: 0, Servers In Use: 21, Servers NotIn Use: 0, WaitQueue size: 941
Request# 941, RequestDispatched: 100, RequestRejected: 0, Servers In Use: 21, Servers NotIn Use: 0, WaitQueue size: 942
Request# 942, RequestDispatched: 100, RequestRejected: 0, Servers In Use: 21, Servers NotIn Use: 0, WaitQueue size: 943
Request# 943, RequestDispatched: 100, RequestRejected: 0, Servers In Use: 21, Servers NotIn Use: 0, WaitQueue size: 944
Request# 944, RequestDispatched: 100, RequestRejected: 0, Servers In Use: 21, Servers NotIn Use: 0, WaitQueue size: 945
Request# 945, RequestDispatched: 100, RequestRejected: 0, Servers In Use: 21, Servers NotIn Use: 0, WaitQueue size: 946
Request# 946, RequestDispatched: 100, RequestRejected: 0, Servers In Use: 21, Servers NotIn Use: 0, WaitQueue size: 947
Request# 947, RequestDispatched: 100, RequestRejected: 0, Servers In Use: 21, Servers NotIn Use: 0, WaitQueue size: 948
Request# 948, RequestDispatched: 100, RequestRejected: 0, Servers In Use: 21, Servers NotIn Use: 0, WaitQueue size: 949
Request# 949, RequestDispatched: 100, RequestRejected: 0, Servers In Use: 21, Servers NotIn Use: 0, WaitQueue size: 950
Request# 950, RequestDispatched: 100, RequestRejected: 0, Servers In Use: 21, Servers NotIn Use: 0, WaitQueue size: 951
Request# 951, RequestDispatched: 100, RequestRejected: 0, Servers In Use: 21, Servers NotIn Use: 0, WaitQueue size: 952
Request# 952, RequestDispatched: 100, RequestRejected: 0, Servers In Use: 21, Servers NotIn Use: 0, WaitQueue size: 953
Request# 953, RequestDispatched: 100, RequestRejected: 0, Servers In Use: 21, Servers NotIn Use: 0, WaitQueue size: 954
Request# 954, RequestDispatched: 100, RequestRejected: 0, Servers In Use: 21, Servers NotIn Use: 0, WaitQueue size: 955
Request# 955, RequestDispatched: 100, RequestRejected: 0, Servers In Use: 21, Servers NotIn Use: 0, WaitQueue size: 956
Request# 956, RequestDispatched: 100, RequestRejected: 0, Servers In Use: 21, Servers NotIn Use: 0, WaitQueue size: 957
Request# 957, RequestDispatched: 100, RequestRejected: 0, Servers In Use: 21, Servers NotIn Use: 0, WaitQueue size: 958
Request# 958, RequestDispatched: 100, RequestRejected: 0, Servers In Use: 21, Servers NotIn Use: 0, WaitQueue size: 959
Request# 959, RequestDispatched: 100, RequestRejected: 0, Servers In Use: 21, Servers NotIn Use: 0, WaitQueue size: 960
Request# 960, RequestDispatched: 100, RequestRejected: 0, Servers In Use: 21, Servers NotIn Use: 0, WaitQueue size: 961
Request# 961, RequestDispatched: 100, RequestRejected: 0, Servers In Use: 21, Servers NotIn Use: 0, WaitQueue size: 962
Request# 962, RequestDispatched: 100, RequestRejected: 0, Servers In Use: 21, Servers NotIn Use: 0, WaitQueue size: 963
Request# 963, RequestDispatched: 100, RequestRejected: 0, Servers In Use: 21, Servers NotIn Use: 0, WaitQueue size: 964
Request# 964, RequestDispatched: 100, RequestRejected: 0, Servers In Use: 21, Servers NotIn Use: 0, WaitQueue size: 965
Request# 965, RequestDispatched: 100, RequestRejected: 0, Servers In Use: 21, Servers NotIn Use: 0, WaitQueue size: 966
Request# 966, RequestDispatched: 100, RequestRejected: 0, Servers In Use: 21, Servers NotIn Use: 0, WaitQueue size: 967
Request# 967, RequestDispatched: 100, RequestRejected: 0, Servers In Use: 21, Servers NotIn Use: 0, WaitQueue size: 968
Request# 968, RequestDispatched: 100, RequestRejected: 0, Servers In Use: 21, Servers NotIn Use: 0, WaitQueue size: 969
Request# 969, RequestDispatched: 100, RequestRejected: 0, Servers In Use: 21, Servers NotIn Use: 0, WaitQueue size: 970
Request# 970, RequestDispatched: 100, RequestRejected: 0, Servers In Use: 21, Servers NotIn Use: 0, WaitQueue size: 971
Request# 971, RequestDispatched: 100, RequestRejected: 0, Servers In Use: 21, Servers NotIn Use: 0, WaitQueue size: 972
Request# 972, RequestDispatched: 100, RequestRejected: 0, Servers In Use: 21, Servers NotIn Use: 0, WaitQueue size: 973
Request# 973, RequestDispatched: 100, RequestRejected: 0, Servers In Use: 21, Servers NotIn Use: 0, WaitQueue size: 974
Request# 974, RequestDispatched: 100, RequestRejected: 0, Servers In Use: 21, Servers NotIn Use: 0, WaitQueue size: 975
Request# 975, RequestDispatched: 100, RequestRejected: 0, Servers In Use: 21, Servers NotIn Use: 0, WaitQueue size: 976
Request# 976, RequestDispatched: 100, RequestRejected: 0, Servers In Use: 21, Servers NotIn Use: 0, WaitQueue size: 977
Request# 977, RequestDispatched: 100, RequestRejected: 0, Servers In Use: 21, Servers NotIn Use: 0, WaitQueue size: 978
Request# 978, RequestDispatched: 100, RequestRejected: 0, Servers In Use: 21, Servers NotIn Use: 0, WaitQueue size: 979
Request# 979, RequestDispatched: 100, RequestRejected: 0, Servers In Use: 21, Servers NotIn Use: 0, WaitQueue size: 980
Request# 980, RequestDispatched: 100, RequestRejected: 0, Servers In Use: 21, Servers NotIn Use: 0, WaitQueue size: 981
Request# 981, RequestDispatched: 100, RequestRejected: 0, Servers In Use: 21, Servers NotIn Use: 0, WaitQueue size: 982
Request# 982, RequestDispatched: 100, RequestRejected: 0, Servers In Use: 21, Servers NotIn Use: 0, WaitQueue size: 983
Request# 983, RequestDispatched: 100, RequestRejected: 0, Servers In Use: 21, Servers NotIn Use: 0, WaitQueue size: 984
Request# 984, RequestDispatched: 100, RequestRejected: 0, Servers In Use: 21, Servers NotIn Use: 0, WaitQueue size: 985
Request# 985, RequestDispatched: 100, RequestRejected: 0, Servers In Use: 21, Servers NotIn Use: 0, WaitQueue size: 986
Request# 986, RequestDispatched: 100, RequestRejected: 0, Servers In Use: 21, Servers NotIn Use: 0, WaitQueue size: 987
Request# 987, RequestDispatched: 100, RequestRejected: 0, Servers In Use: 21, Servers NotIn Use: 0, WaitQueue size: 988
Request# 988, RequestDispatched: 100, RequestRejected: 0, Servers In Use: 21, Servers NotIn Use: 0, WaitQueue size: 989
Request# 989, RequestDispatched: 100, RequestRejected: 0, Servers In Use: 21, Servers NotIn Use: 0, WaitQueue size: 990
Request# 990, RequestDispatched: 100, RequestRejected: 0, Servers In Use: 21, Servers NotIn Use: 0, WaitQueue size: 991
Request# 991, RequestDispatched: 100, RequestRejected: 0, Servers In Use: 21, Servers NotIn Use: 0, WaitQueue size: 992
Request# 992, RequestDispatched: 100, RequestRejected: 0, Servers In Use: 21, Servers NotIn Use: 0, WaitQueue size: 993
Request# 993, RequestDispatched: 100, RequestRejected: 0, Servers In Use: 21, Servers NotIn Use: 0, WaitQueue size: 994
Request# 994, RequestDispatched: 100, RequestRejected: 0, Servers In Use: 21, Servers NotIn Use: 0, WaitQueue size: 995
Request# 995, RequestDispatched: 100, RequestRejected: 0, Servers In Use: 21, Servers NotIn Use: 0, WaitQueue size: 996
Request# 996, RequestDispatched: 100, RequestRejected: 0, Servers In Use: 21, Servers NotIn Use: 0, WaitQueue size: 997
Request# 997, RequestDispatched: 100, RequestRejected: 0, Servers In Use: 21, Servers NotIn Use: 0, WaitQueue size: 998
Request# 998, RequestDispatched: 100, RequestRejected: 0, Servers In Use: 21, Servers NotIn Use: 0, WaitQueue size: 999
Request# 999, RequestDispatched: 100, RequestRejected: 0, Servers In Use: 21, Servers NotIn Use: 0, WaitQueue size: 1000
21
</system-out>
  </testcase>
  <testcase time="0.001" classname="org.olivelabs.simulation.ServerManagerTest" name="testAddRemoveServer"/>
</testsuite>